	Command being timed: "./starkra /home/rpi/starkra/experiments/experiments/ud/numified_adjlist /home/rpi/starkra/experiments/experiments/ud/numified_path 32 16 0"
	User time (seconds): 0.02
	System time (seconds): 0.02
	Percent of CPU this job got: 250%
	Elapsed (wall clock) time (h:mm:ss or m:ss): 0:00.01
	Average shared text size (kbytes): 0
	Average unshared data size (kbytes): 0
	Average stack size (kbytes): 0
	Average total size (kbytes): 0
	Maximum resident set size (kbytes): 4764
	Average resident set size (kbytes): 0
	Major (requiring I/O) page faults: 0
	Minor (reclaiming a frame) page faults: 834
	Voluntary context switches: 137
	Involuntary context switches: 88
	Swaps: 0
	File system inputs: 0
	File system outputs: 56
	Socket messages sent: 0
	Socket messages received: 0
	Signals delivered: 0
	Page size (bytes): 4096
	Exit status: 0
