num_queries = 64
blowup_factor = 64
grinding_factor = 0
Trace built in 388.480µs
row |   nonce | current |   stack |    nei0 |    nei1 |   valid |     ret |    call |
----+---------+---------+---------+---------+---------+---------+---------+---------+
  0 |     123 |       0 |       0 |       1 |       0 |       1 |       0 |       0 |
  1 |     123 |       1 |     841 |       5 |       0 |       1 |       0 |       1 |
  2 |     123 |       5 |     834 |       6 |       7 |       1 |       0 |       1 |
  3 |     123 |       6 |       7 |       7 |       0 |       1 |       0 |       1 |
  4 |     123 |       7 |     834 |      36 |     827 |       1 |       1 |       0 |
  5 |     123 |      36 |     827 |      37 |      35 |       1 |       0 |       1 |
  6 |     123 |      35 |      37 |     816 |      53 |       1 |       0 |       1 |
  7 |     123 |      53 |      37 |      54 |      55 |       1 |       0 |       0 |
  8 |     123 |      55 |      37 |      66 |      54 |       1 |       0 |       0 |
  9 |     123 |      66 |      37 |      74 |      54 |       1 |       0 |       0 |
 10 |     123 |      74 |      37 |      54 |      80 |       1 |       0 |       0 |
 11 |     123 |      54 |      37 |      64 |      65 |       1 |       0 |       0 |
 12 |     123 |      65 |      37 |      73 |      64 |       1 |       0 |       0 |
 13 |     123 |      73 |      37 |      79 |      64 |       1 |       0 |       0 |
 14 |     123 |      79 |      37 |      64 |      87 |       1 |       0 |       0 |
 15 |     123 |      64 |      37 |      71 |      72 |       1 |       0 |       0 |
 16 |     123 |      72 |      37 |      78 |      71 |       1 |       0 |       0 |
 17 |     123 |      78 |      37 |      86 |      71 |       1 |       0 |       0 |
 18 |     123 |      86 |      37 |      71 |      93 |       1 |       0 |       0 |
 19 |     123 |      71 |      37 |      76 |      77 |       1 |       0 |       0 |
 20 |     123 |      77 |      37 |      85 |      76 |       1 |       0 |       0 |
 21 |     123 |      85 |      37 |      92 |      76 |       1 |       0 |       0 |
 22 |     123 |      92 |      37 |      76 |     100 |       1 |       0 |       0 |
 23 |     123 |      76 |      37 |      83 |      84 |       1 |       0 |       0 |
 24 |     123 |      84 |      37 |      91 |      83 |       1 |       0 |       0 |
 25 |     123 |      91 |      37 |      99 |      83 |       1 |       0 |       0 |
 26 |     123 |      99 |      37 |      83 |     106 |       1 |       0 |       0 |
 27 |     123 |      83 |      37 |      89 |      90 |       1 |       0 |       0 |
 28 |     123 |      90 |      37 |      98 |      89 |       1 |       0 |       0 |
 29 |     123 |      98 |      37 |     105 |      89 |       1 |       0 |       0 |
 30 |     123 |     105 |      37 |      89 |     112 |       1 |       0 |       0 |
 31 |     123 |      89 |      37 |      96 |      97 |       1 |       0 |       0 |
 32 |     123 |      97 |      37 |     104 |      96 |       1 |       0 |       0 |
 33 |     123 |     104 |      37 |     111 |      96 |       1 |       0 |       0 |
 34 |     123 |     111 |      37 |     118 |      96 |       1 |       0 |       0 |
 35 |     123 |     118 |      37 |      96 |     125 |       1 |       0 |       0 |
 36 |     123 |      96 |      37 |     102 |     103 |       1 |       0 |       0 |
 37 |     123 |     103 |      37 |     110 |     102 |       1 |       0 |       0 |
 38 |     123 |     110 |      37 |     117 |     102 |       1 |       0 |       0 |
 39 |     123 |     117 |      37 |     124 |     102 |       1 |       0 |       0 |
 40 |     123 |     124 |      37 |     102 |     131 |       1 |       0 |       0 |
 41 |     123 |     102 |      37 |     108 |     109 |       1 |       0 |       0 |
 42 |     123 |     109 |      37 |     116 |     108 |       1 |       0 |       0 |
 43 |     123 |     116 |      37 |     123 |     108 |       1 |       0 |       0 |
 44 |     123 |     123 |      37 |     130 |     108 |       1 |       0 |       0 |
 45 |     123 |     130 |      37 |     108 |     137 |       1 |       0 |       0 |
 46 |     123 |     108 |      37 |     114 |     115 |       1 |       0 |       0 |
 47 |     123 |     115 |      37 |     122 |     114 |       1 |       0 |       0 |
 48 |     123 |     122 |      37 |     129 |     114 |       1 |       0 |       0 |
 49 |     123 |     129 |      37 |     136 |     114 |       1 |       0 |       0 |
 50 |     123 |     136 |      37 |     114 |     143 |       1 |       0 |       0 |
 51 |     123 |     114 |      37 |     120 |     121 |       1 |       0 |       0 |
 52 |     123 |     121 |      37 |     128 |     120 |       1 |       0 |       0 |
 53 |     123 |     128 |      37 |     135 |     120 |       1 |       0 |       0 |
 54 |     123 |     135 |      37 |     142 |     120 |       1 |       0 |       0 |
 55 |     123 |     142 |      37 |     120 |     149 |       1 |       0 |       0 |
 56 |     123 |     120 |      37 |     126 |     127 |       1 |       0 |       0 |
 57 |     123 |     127 |      37 |     134 |     126 |       1 |       0 |       0 |
 58 |     123 |     134 |      37 |     141 |     126 |       1 |       0 |       0 |
 59 |     123 |     141 |      37 |     148 |     126 |       1 |       0 |       0 |
 60 |     123 |     148 |      37 |     126 |     155 |       1 |       0 |       0 |
 61 |     123 |     126 |      37 |     132 |     133 |       1 |       0 |       0 |
 62 |     123 |     133 |      37 |     140 |     132 |       1 |       0 |       0 |
 63 |     123 |     140 |      37 |     147 |     132 |       1 |       0 |       0 |
 64 |     123 |     147 |      37 |     154 |     132 |       1 |       0 |       0 |
 65 |     123 |     154 |      37 |     132 |     161 |       1 |       0 |       0 |
 66 |     123 |     132 |      37 |     138 |     139 |       1 |       0 |       0 |
 67 |     123 |     139 |      37 |     146 |     138 |       1 |       0 |       0 |
 68 |     123 |     146 |      37 |     153 |     138 |       1 |       0 |       0 |
 69 |     123 |     153 |      37 |     160 |     138 |       1 |       0 |       0 |
 70 |     123 |     160 |      37 |     138 |     167 |       1 |       0 |       0 |
 71 |     123 |     138 |      37 |     144 |     145 |       1 |       0 |       0 |
 72 |     123 |     145 |      37 |     152 |     144 |       1 |       0 |       0 |
 73 |     123 |     152 |      37 |     159 |     144 |       1 |       0 |       0 |
 74 |     123 |     159 |      37 |     166 |     144 |       1 |       0 |       0 |
 75 |     123 |     166 |      37 |     144 |     173 |       1 |       0 |       0 |
 76 |     123 |     144 |      37 |     150 |     151 |       1 |       0 |       0 |
 77 |     123 |     151 |      37 |     158 |     150 |       1 |       0 |       0 |
 78 |     123 |     158 |      37 |     165 |     150 |       1 |       0 |       0 |
 79 |     123 |     165 |      37 |     172 |     150 |       1 |       0 |       0 |
 80 |     123 |     172 |      37 |     150 |     179 |       1 |       0 |       0 |
 81 |     123 |     150 |      37 |     156 |     157 |       1 |       0 |       0 |
 82 |     123 |     157 |      37 |     164 |     156 |       1 |       0 |       0 |
 83 |     123 |     164 |      37 |     171 |     156 |       1 |       0 |       0 |
 84 |     123 |     171 |      37 |     178 |     156 |       1 |       0 |       0 |
 85 |     123 |     178 |      37 |     156 |     185 |       1 |       0 |       0 |
 86 |     123 |     156 |      37 |     162 |     163 |       1 |       0 |       0 |
 87 |     123 |     163 |      37 |     170 |     162 |       1 |       0 |       0 |
 88 |     123 |     170 |      37 |     177 |     162 |       1 |       0 |       0 |
 89 |     123 |     177 |      37 |     184 |     162 |       1 |       0 |       0 |
 90 |     123 |     184 |      37 |     162 |     191 |       1 |       0 |       0 |
 91 |     123 |     162 |      37 |     168 |     169 |       1 |       0 |       0 |
 92 |     123 |     169 |      37 |     176 |     168 |       1 |       0 |       0 |
 93 |     123 |     176 |      37 |     183 |     168 |       1 |       0 |       0 |
 94 |     123 |     183 |      37 |     190 |     168 |       1 |       0 |       0 |
 95 |     123 |     190 |      37 |     168 |     197 |       1 |       0 |       0 |
 96 |     123 |     168 |      37 |     174 |     175 |       1 |       0 |       0 |
 97 |     123 |     175 |      37 |     182 |     174 |       1 |       0 |       0 |
 98 |     123 |     182 |      37 |     189 |     174 |       1 |       0 |       0 |
 99 |     123 |     189 |      37 |     196 |     174 |       1 |       0 |       0 |
100 |     123 |     196 |      37 |     174 |     203 |       1 |       0 |       0 |
101 |     123 |     174 |      37 |     180 |     181 |       1 |       0 |       0 |
102 |     123 |     181 |      37 |     188 |     180 |       1 |       0 |       0 |
103 |     123 |     188 |      37 |     195 |     180 |       1 |       0 |       0 |
104 |     123 |     195 |      37 |     202 |     180 |       1 |       0 |       0 |
105 |     123 |     202 |      37 |     180 |     209 |       1 |       0 |       0 |
106 |     123 |     180 |      37 |     186 |     187 |       1 |       0 |       0 |
107 |     123 |     187 |      37 |     194 |     186 |       1 |       0 |       0 |
108 |     123 |     194 |      37 |     201 |     186 |       1 |       0 |       0 |
109 |     123 |     201 |      37 |     208 |     186 |       1 |       0 |       0 |
110 |     123 |     208 |      37 |     186 |     215 |       1 |       0 |       0 |
111 |     123 |     186 |      37 |     192 |     193 |       1 |       0 |       0 |
112 |     123 |     193 |      37 |     200 |     192 |       1 |       0 |       0 |
113 |     123 |     200 |      37 |     207 |     192 |       1 |       0 |       0 |
114 |     123 |     207 |      37 |     214 |     192 |       1 |       0 |       0 |
115 |     123 |     214 |      37 |     192 |     221 |       1 |       0 |       0 |
116 |     123 |     192 |      37 |     198 |     199 |       1 |       0 |       0 |
117 |     123 |     199 |      37 |     206 |     198 |       1 |       0 |       0 |
118 |     123 |     206 |      37 |     213 |     198 |       1 |       0 |       0 |
119 |     123 |     213 |      37 |     220 |     198 |       1 |       0 |       0 |
120 |     123 |     220 |      37 |     198 |     227 |       1 |       0 |       0 |
121 |     123 |     198 |      37 |     204 |     205 |       1 |       0 |       0 |
122 |     123 |     205 |      37 |     212 |     204 |       1 |       0 |       0 |
123 |     123 |     212 |      37 |     219 |     204 |       1 |       0 |       0 |
124 |     123 |     219 |      37 |     226 |     204 |       1 |       0 |       0 |
125 |     123 |     226 |      37 |     204 |     233 |       1 |       0 |       0 |
126 |     123 |     204 |      37 |     210 |     211 |       1 |       0 |       0 |
127 |     123 |     211 |      37 |     218 |     210 |       1 |       0 |       0 |
128 |     123 |     218 |      37 |     225 |     210 |       1 |       0 |       0 |
129 |     123 |     225 |      37 |     232 |     210 |       1 |       0 |       0 |
130 |     123 |     232 |      37 |     210 |     239 |       1 |       0 |       0 |
131 |     123 |     210 |      37 |     216 |     217 |       1 |       0 |       0 |
132 |     123 |     217 |      37 |     224 |     216 |       1 |       0 |       0 |
133 |     123 |     224 |      37 |     231 |     216 |       1 |       0 |       0 |
134 |     123 |     231 |      37 |     238 |     216 |       1 |       0 |       0 |
135 |     123 |     238 |      37 |     216 |     245 |       1 |       0 |       0 |
136 |     123 |     216 |      37 |     222 |     223 |       1 |       0 |       0 |
137 |     123 |     223 |      37 |     230 |     222 |       1 |       0 |       0 |
138 |     123 |     230 |      37 |     237 |     222 |       1 |       0 |       0 |
139 |     123 |     237 |      37 |     244 |     222 |       1 |       0 |       0 |
140 |     123 |     244 |      37 |     222 |     251 |       1 |       0 |       0 |
141 |     123 |     222 |      37 |     228 |     229 |       1 |       0 |       0 |
142 |     123 |     229 |      37 |     236 |     228 |       1 |       0 |       0 |
143 |     123 |     236 |      37 |     243 |     228 |       1 |       0 |       0 |
144 |     123 |     243 |      37 |     250 |     228 |       1 |       0 |       0 |
145 |     123 |     250 |      37 |     228 |     257 |       1 |       0 |       0 |
146 |     123 |     228 |      37 |     234 |     235 |       1 |       0 |       0 |
147 |     123 |     235 |      37 |     242 |     234 |       1 |       0 |       0 |
148 |     123 |     242 |      37 |     249 |     234 |       1 |       0 |       0 |
149 |     123 |     249 |      37 |     256 |     234 |       1 |       0 |       0 |
150 |     123 |     256 |      37 |     234 |     263 |       1 |       0 |       0 |
151 |     123 |     234 |      37 |     240 |     241 |       1 |       0 |       0 |
152 |     123 |     241 |      37 |     248 |     240 |       1 |       0 |       0 |
153 |     123 |     248 |      37 |     255 |     240 |       1 |       0 |       0 |
154 |     123 |     255 |      37 |     262 |     240 |       1 |       0 |       0 |
155 |     123 |     262 |      37 |     240 |     269 |       1 |       0 |       0 |
156 |     123 |     240 |      37 |     246 |     247 |       1 |       0 |       0 |
157 |     123 |     247 |      37 |     254 |     246 |       1 |       0 |       0 |
158 |     123 |     254 |      37 |     261 |     246 |       1 |       0 |       0 |
159 |     123 |     261 |      37 |     268 |     246 |       1 |       0 |       0 |
160 |     123 |     268 |      37 |     246 |     275 |       1 |       0 |       0 |
161 |     123 |     246 |      37 |     252 |     253 |       1 |       0 |       0 |
162 |     123 |     253 |      37 |     260 |     252 |       1 |       0 |       0 |
163 |     123 |     260 |      37 |     267 |     252 |       1 |       0 |       0 |
164 |     123 |     267 |      37 |     274 |     252 |       1 |       0 |       0 |
165 |     123 |     274 |      37 |     252 |     281 |       1 |       0 |       0 |
166 |     123 |     252 |      37 |     258 |     259 |       1 |       0 |       0 |
167 |     123 |     259 |      37 |     266 |     258 |       1 |       0 |       0 |
168 |     123 |     266 |      37 |     273 |     258 |       1 |       0 |       0 |
169 |     123 |     273 |      37 |     280 |     258 |       1 |       0 |       0 |
170 |     123 |     280 |      37 |     258 |     287 |       1 |       0 |       0 |
171 |     123 |     258 |      37 |     264 |     265 |       1 |       0 |       0 |
172 |     123 |     265 |      37 |     272 |     264 |       1 |       0 |       0 |
173 |     123 |     272 |      37 |     279 |     264 |       1 |       0 |       0 |
174 |     123 |     279 |      37 |     286 |     264 |       1 |       0 |       0 |
175 |     123 |     286 |      37 |     264 |     293 |       1 |       0 |       0 |
176 |     123 |     264 |      37 |     270 |     271 |       1 |       0 |       0 |
177 |     123 |     271 |      37 |     278 |     270 |       1 |       0 |       0 |
178 |     123 |     278 |      37 |     285 |     270 |       1 |       0 |       0 |
179 |     123 |     285 |      37 |     292 |     270 |       1 |       0 |       0 |
180 |     123 |     292 |      37 |     270 |     299 |       1 |       0 |       0 |
181 |     123 |     270 |      37 |     276 |     277 |       1 |       0 |       0 |
182 |     123 |     277 |      37 |     284 |     276 |       1 |       0 |       0 |
183 |     123 |     284 |      37 |     291 |     276 |       1 |       0 |       0 |
184 |     123 |     291 |      37 |     298 |     276 |       1 |       0 |       0 |
185 |     123 |     298 |      37 |     276 |     305 |       1 |       0 |       0 |
186 |     123 |     276 |      37 |     282 |     283 |       1 |       0 |       0 |
187 |     123 |     283 |      37 |     290 |     282 |       1 |       0 |       0 |
188 |     123 |     290 |      37 |     297 |     282 |       1 |       0 |       0 |
189 |     123 |     297 |      37 |     304 |     282 |       1 |       0 |       0 |
190 |     123 |     304 |      37 |     282 |     311 |       1 |       0 |       0 |
191 |     123 |     282 |      37 |     288 |     289 |       1 |       0 |       0 |
192 |     123 |     289 |      37 |     296 |     288 |       1 |       0 |       0 |
193 |     123 |     296 |      37 |     303 |     288 |       1 |       0 |       0 |
194 |     123 |     303 |      37 |     310 |     288 |       1 |       0 |       0 |
195 |     123 |     310 |      37 |     288 |     317 |       1 |       0 |       0 |
196 |     123 |     288 |      37 |     294 |     295 |       1 |       0 |       0 |
197 |     123 |     295 |      37 |     302 |     294 |       1 |       0 |       0 |
198 |     123 |     302 |      37 |     309 |     294 |       1 |       0 |       0 |
199 |     123 |     309 |      37 |     316 |     294 |       1 |       0 |       0 |
200 |     123 |     316 |      37 |     294 |     323 |       1 |       0 |       0 |
201 |     123 |     294 |      37 |     300 |     301 |       1 |       0 |       0 |
202 |     123 |     301 |      37 |     308 |     300 |       1 |       0 |       0 |
203 |     123 |     308 |      37 |     315 |     300 |       1 |       0 |       0 |
204 |     123 |     315 |      37 |     322 |     300 |       1 |       0 |       0 |
205 |     123 |     322 |      37 |     300 |     329 |       1 |       0 |       0 |
206 |     123 |     300 |      37 |     306 |     307 |       1 |       0 |       0 |
207 |     123 |     307 |      37 |     314 |     306 |       1 |       0 |       0 |
208 |     123 |     314 |      37 |     321 |     306 |       1 |       0 |       0 |
209 |     123 |     321 |      37 |     328 |     306 |       1 |       0 |       0 |
210 |     123 |     328 |      37 |     306 |     335 |       1 |       0 |       0 |
211 |     123 |     306 |      37 |     312 |     313 |       1 |       0 |       0 |
212 |     123 |     313 |      37 |     320 |     312 |       1 |       0 |       0 |
213 |     123 |     320 |      37 |     327 |     312 |       1 |       0 |       0 |
214 |     123 |     327 |      37 |     334 |     312 |       1 |       0 |       0 |
215 |     123 |     334 |      37 |     312 |     341 |       1 |       0 |       0 |
216 |     123 |     312 |      37 |     318 |     319 |       1 |       0 |       0 |
217 |     123 |     319 |      37 |     326 |     318 |       1 |       0 |       0 |
218 |     123 |     326 |      37 |     333 |     318 |       1 |       0 |       0 |
219 |     123 |     333 |      37 |     340 |     318 |       1 |       0 |       0 |
220 |     123 |     340 |      37 |     318 |     347 |       1 |       0 |       0 |
221 |     123 |     318 |      37 |     324 |     325 |       1 |       0 |       0 |
222 |     123 |     325 |      37 |     332 |     324 |       1 |       0 |       0 |
223 |     123 |     332 |      37 |     339 |     324 |       1 |       0 |       0 |
224 |     123 |     339 |      37 |     346 |     324 |       1 |       0 |       0 |
225 |     123 |     346 |      37 |     324 |     353 |       1 |       0 |       0 |
226 |     123 |     324 |      37 |     330 |     331 |       1 |       0 |       0 |
227 |     123 |     331 |      37 |     338 |     330 |       1 |       0 |       0 |
228 |     123 |     338 |      37 |     345 |     330 |       1 |       0 |       0 |
229 |     123 |     345 |      37 |     352 |     330 |       1 |       0 |       0 |
230 |     123 |     352 |      37 |     330 |     359 |       1 |       0 |       0 |
231 |     123 |     330 |      37 |     336 |     337 |       1 |       0 |       0 |
232 |     123 |     337 |      37 |     344 |     336 |       1 |       0 |       0 |
233 |     123 |     344 |      37 |     351 |     336 |       1 |       0 |       0 |
234 |     123 |     351 |      37 |     358 |     336 |       1 |       0 |       0 |
235 |     123 |     358 |      37 |     336 |     365 |       1 |       0 |       0 |
236 |     123 |     336 |      37 |     342 |     343 |       1 |       0 |       0 |
237 |     123 |     343 |      37 |     350 |     342 |       1 |       0 |       0 |
238 |     123 |     350 |      37 |     357 |     342 |       1 |       0 |       0 |
239 |     123 |     357 |      37 |     364 |     342 |       1 |       0 |       0 |
240 |     123 |     364 |      37 |     342 |     371 |       1 |       0 |       0 |
241 |     123 |     342 |      37 |     348 |     349 |       1 |       0 |       0 |
242 |     123 |     349 |      37 |     356 |     348 |       1 |       0 |       0 |
243 |     123 |     356 |      37 |     363 |     348 |       1 |       0 |       0 |
244 |     123 |     363 |      37 |     370 |     348 |       1 |       0 |       0 |
245 |     123 |     370 |      37 |     348 |     377 |       1 |       0 |       0 |
246 |     123 |     348 |      37 |     354 |     355 |       1 |       0 |       0 |
247 |     123 |     355 |      37 |     362 |     354 |       1 |       0 |       0 |
248 |     123 |     362 |      37 |     369 |     354 |       1 |       0 |       0 |
249 |     123 |     369 |      37 |     376 |     354 |       1 |       0 |       0 |
250 |     123 |     376 |      37 |     354 |     383 |       1 |       0 |       0 |
251 |     123 |     354 |      37 |     360 |     361 |       1 |       0 |       0 |
252 |     123 |     361 |      37 |     368 |     360 |       1 |       0 |       0 |
253 |     123 |     368 |      37 |     375 |     360 |       1 |       0 |       0 |
254 |     123 |     375 |      37 |     382 |     360 |       1 |       0 |       0 |
255 |     123 |     382 |      37 |     360 |     389 |       1 |       0 |       0 |
256 |     123 |     360 |      37 |     366 |     367 |       1 |       0 |       0 |
257 |     123 |     367 |      37 |     374 |     366 |       1 |       0 |       0 |
258 |     123 |     374 |      37 |     381 |     366 |       1 |       0 |       0 |
259 |     123 |     381 |      37 |     388 |     366 |       1 |       0 |       0 |
260 |     123 |     388 |      37 |     366 |     395 |       1 |       0 |       0 |
261 |     123 |     366 |      37 |     372 |     373 |       1 |       0 |       0 |
262 |     123 |     373 |      37 |     380 |     372 |       1 |       0 |       0 |
263 |     123 |     380 |      37 |     387 |     372 |       1 |       0 |       0 |
264 |     123 |     387 |      37 |     394 |     372 |       1 |       0 |       0 |
265 |     123 |     394 |      37 |     372 |     401 |       1 |       0 |       0 |
266 |     123 |     372 |      37 |     378 |     379 |       1 |       0 |       0 |
267 |     123 |     379 |      37 |     386 |     378 |       1 |       0 |       0 |
268 |     123 |     386 |      37 |     393 |     378 |       1 |       0 |       0 |
269 |     123 |     393 |      37 |     400 |     378 |       1 |       0 |       0 |
270 |     123 |     400 |      37 |     378 |     407 |       1 |       0 |       0 |
271 |     123 |     378 |      37 |     384 |     385 |       1 |       0 |       0 |
272 |     123 |     385 |      37 |     392 |     384 |       1 |       0 |       0 |
273 |     123 |     392 |      37 |     399 |     384 |       1 |       0 |       0 |
274 |     123 |     399 |      37 |     406 |     384 |       1 |       0 |       0 |
275 |     123 |     406 |      37 |     384 |     413 |       1 |       0 |       0 |
276 |     123 |     384 |      37 |     390 |     391 |       1 |       0 |       0 |
277 |     123 |     391 |      37 |     398 |     390 |       1 |       0 |       0 |
278 |     123 |     398 |      37 |     405 |     390 |       1 |       0 |       0 |
279 |     123 |     405 |      37 |     412 |     390 |       1 |       0 |       0 |
280 |     123 |     412 |      37 |     390 |     419 |       1 |       0 |       0 |
281 |     123 |     390 |      37 |     396 |     397 |       1 |       0 |       0 |
282 |     123 |     397 |      37 |     404 |     396 |       1 |       0 |       0 |
283 |     123 |     404 |      37 |     411 |     396 |       1 |       0 |       0 |
284 |     123 |     411 |      37 |     418 |     396 |       1 |       0 |       0 |
285 |     123 |     418 |      37 |     396 |     425 |       1 |       0 |       0 |
286 |     123 |     396 |      37 |     402 |     403 |       1 |       0 |       0 |
287 |     123 |     403 |      37 |     410 |     402 |       1 |       0 |       0 |
288 |     123 |     410 |      37 |     417 |     402 |       1 |       0 |       0 |
289 |     123 |     417 |      37 |     424 |     402 |       1 |       0 |       0 |
290 |     123 |     424 |      37 |     402 |     431 |       1 |       0 |       0 |
291 |     123 |     402 |      37 |     408 |     409 |       1 |       0 |       0 |
292 |     123 |     409 |      37 |     416 |     408 |       1 |       0 |       0 |
293 |     123 |     416 |      37 |     423 |     408 |       1 |       0 |       0 |
294 |     123 |     423 |      37 |     430 |     408 |       1 |       0 |       0 |
295 |     123 |     430 |      37 |     408 |     437 |       1 |       0 |       0 |
296 |     123 |     408 |      37 |     414 |     415 |       1 |       0 |       0 |
297 |     123 |     415 |      37 |     422 |     414 |       1 |       0 |       0 |
298 |     123 |     422 |      37 |     429 |     414 |       1 |       0 |       0 |
299 |     123 |     429 |      37 |     436 |     414 |       1 |       0 |       0 |
300 |     123 |     436 |      37 |     414 |     443 |       1 |       0 |       0 |
301 |     123 |     414 |      37 |     420 |     421 |       1 |       0 |       0 |
302 |     123 |     421 |      37 |     428 |     420 |       1 |       0 |       0 |
303 |     123 |     428 |      37 |     435 |     420 |       1 |       0 |       0 |
304 |     123 |     435 |      37 |     442 |     420 |       1 |       0 |       0 |
305 |     123 |     442 |      37 |     420 |     449 |       1 |       0 |       0 |
306 |     123 |     420 |      37 |     426 |     427 |       1 |       0 |       0 |
307 |     123 |     427 |      37 |     434 |     426 |       1 |       0 |       0 |
308 |     123 |     434 |      37 |     441 |     426 |       1 |       0 |       0 |
309 |     123 |     441 |      37 |     448 |     426 |       1 |       0 |       0 |
310 |     123 |     448 |      37 |     426 |     455 |       1 |       0 |       0 |
311 |     123 |     426 |      37 |     432 |     433 |       1 |       0 |       0 |
312 |     123 |     433 |      37 |     440 |     432 |       1 |       0 |       0 |
313 |     123 |     440 |      37 |     447 |     432 |       1 |       0 |       0 |
314 |     123 |     447 |      37 |     454 |     432 |       1 |       0 |       0 |
315 |     123 |     454 |      37 |     432 |     461 |       1 |       0 |       0 |
316 |     123 |     432 |      37 |     438 |     439 |       1 |       0 |       0 |
317 |     123 |     439 |      37 |     446 |     438 |       1 |       0 |       0 |
318 |     123 |     446 |      37 |     453 |     438 |       1 |       0 |       0 |
319 |     123 |     453 |      37 |     460 |     438 |       1 |       0 |       0 |
320 |     123 |     460 |      37 |     438 |     467 |       1 |       0 |       0 |
321 |     123 |     438 |      37 |     444 |     445 |       1 |       0 |       0 |
322 |     123 |     445 |      37 |     452 |     444 |       1 |       0 |       0 |
323 |     123 |     452 |      37 |     459 |     444 |       1 |       0 |       0 |
324 |     123 |     459 |      37 |     466 |     444 |       1 |       0 |       0 |
325 |     123 |     466 |      37 |     444 |     473 |       1 |       0 |       0 |
326 |     123 |     444 |      37 |     450 |     451 |       1 |       0 |       0 |
327 |     123 |     451 |      37 |     458 |     450 |       1 |       0 |       0 |
328 |     123 |     458 |      37 |     465 |     450 |       1 |       0 |       0 |
329 |     123 |     465 |      37 |     472 |     450 |       1 |       0 |       0 |
330 |     123 |     472 |      37 |     450 |     479 |       1 |       0 |       0 |
331 |     123 |     450 |      37 |     456 |     457 |       1 |       0 |       0 |
332 |     123 |     457 |      37 |     464 |     456 |       1 |       0 |       0 |
333 |     123 |     464 |      37 |     471 |     456 |       1 |       0 |       0 |
334 |     123 |     471 |      37 |     478 |     456 |       1 |       0 |       0 |
335 |     123 |     478 |      37 |     456 |     485 |       1 |       0 |       0 |
336 |     123 |     456 |      37 |     462 |     463 |       1 |       0 |       0 |
337 |     123 |     463 |      37 |     470 |     462 |       1 |       0 |       0 |
338 |     123 |     470 |      37 |     477 |     462 |       1 |       0 |       0 |
339 |     123 |     477 |      37 |     484 |     462 |       1 |       0 |       0 |
340 |     123 |     484 |      37 |     462 |     491 |       1 |       0 |       0 |
341 |     123 |     462 |      37 |     468 |     469 |       1 |       0 |       0 |
342 |     123 |     469 |      37 |     476 |     468 |       1 |       0 |       0 |
343 |     123 |     476 |      37 |     483 |     468 |       1 |       0 |       0 |
344 |     123 |     483 |      37 |     490 |     468 |       1 |       0 |       0 |
345 |     123 |     490 |      37 |     468 |     497 |       1 |       0 |       0 |
346 |     123 |     468 |      37 |     474 |     475 |       1 |       0 |       0 |
347 |     123 |     475 |      37 |     482 |     474 |       1 |       0 |       0 |
348 |     123 |     482 |      37 |     489 |     474 |       1 |       0 |       0 |
349 |     123 |     489 |      37 |     496 |     474 |       1 |       0 |       0 |
350 |     123 |     496 |      37 |     474 |     503 |       1 |       0 |       0 |
351 |     123 |     474 |      37 |     480 |     481 |       1 |       0 |       0 |
352 |     123 |     481 |      37 |     488 |     480 |       1 |       0 |       0 |
353 |     123 |     488 |      37 |     495 |     480 |       1 |       0 |       0 |
354 |     123 |     495 |      37 |     502 |     480 |       1 |       0 |       0 |
355 |     123 |     502 |      37 |     480 |     509 |       1 |       0 |       0 |
356 |     123 |     480 |      37 |     486 |     487 |       1 |       0 |       0 |
357 |     123 |     487 |      37 |     494 |     486 |       1 |       0 |       0 |
358 |     123 |     494 |      37 |     501 |     486 |       1 |       0 |       0 |
359 |     123 |     501 |      37 |     508 |     486 |       1 |       0 |       0 |
360 |     123 |     508 |      37 |     486 |     515 |       1 |       0 |       0 |
361 |     123 |     486 |      37 |     492 |     493 |       1 |       0 |       0 |
362 |     123 |     493 |      37 |     500 |     492 |       1 |       0 |       0 |
363 |     123 |     500 |      37 |     507 |     492 |       1 |       0 |       0 |
364 |     123 |     507 |      37 |     514 |     492 |       1 |       0 |       0 |
365 |     123 |     514 |      37 |     492 |     521 |       1 |       0 |       0 |
366 |     123 |     492 |      37 |     498 |     499 |       1 |       0 |       0 |
367 |     123 |     499 |      37 |     506 |     498 |       1 |       0 |       0 |
368 |     123 |     506 |      37 |     513 |     498 |       1 |       0 |       0 |
369 |     123 |     513 |      37 |     520 |     498 |       1 |       0 |       0 |
370 |     123 |     520 |      37 |     498 |     527 |       1 |       0 |       0 |
371 |     123 |     498 |      37 |     504 |     505 |       1 |       0 |       0 |
372 |     123 |     505 |      37 |     512 |     504 |       1 |       0 |       0 |
373 |     123 |     512 |      37 |     519 |     504 |       1 |       0 |       0 |
374 |     123 |     519 |      37 |     526 |     504 |       1 |       0 |       0 |
375 |     123 |     526 |      37 |     504 |     533 |       1 |       0 |       0 |
376 |     123 |     504 |      37 |     510 |     511 |       1 |       0 |       0 |
377 |     123 |     511 |      37 |     518 |     510 |       1 |       0 |       0 |
378 |     123 |     518 |      37 |     525 |     510 |       1 |       0 |       0 |
379 |     123 |     525 |      37 |     532 |     510 |       1 |       0 |       0 |
380 |     123 |     532 |      37 |     510 |     539 |       1 |       0 |       0 |
381 |     123 |     510 |      37 |     516 |     517 |       1 |       0 |       0 |
382 |     123 |     517 |      37 |     524 |     516 |       1 |       0 |       0 |
383 |     123 |     524 |      37 |     531 |     516 |       1 |       0 |       0 |
384 |     123 |     531 |      37 |     538 |     516 |       1 |       0 |       0 |
385 |     123 |     538 |      37 |     516 |     545 |       1 |       0 |       0 |
386 |     123 |     516 |      37 |     522 |     523 |       1 |       0 |       0 |
387 |     123 |     523 |      37 |     530 |     522 |       1 |       0 |       0 |
388 |     123 |     530 |      37 |     537 |     522 |       1 |       0 |       0 |
389 |     123 |     537 |      37 |     544 |     522 |       1 |       0 |       0 |
390 |     123 |     544 |      37 |     522 |     551 |       1 |       0 |       0 |
391 |     123 |     522 |      37 |     528 |     529 |       1 |       0 |       0 |
392 |     123 |     529 |      37 |     536 |     528 |       1 |       0 |       0 |
393 |     123 |     536 |      37 |     543 |     528 |       1 |       0 |       0 |
394 |     123 |     543 |      37 |     550 |     528 |       1 |       0 |       0 |
395 |     123 |     550 |      37 |     528 |     557 |       1 |       0 |       0 |
396 |     123 |     528 |      37 |     534 |     535 |       1 |       0 |       0 |
397 |     123 |     535 |      37 |     542 |     534 |       1 |       0 |       0 |
398 |     123 |     542 |      37 |     549 |     534 |       1 |       0 |       0 |
399 |     123 |     549 |      37 |     556 |     534 |       1 |       0 |       0 |
400 |     123 |     556 |      37 |     534 |     563 |       1 |       0 |       0 |
401 |     123 |     534 |      37 |     540 |     541 |       1 |       0 |       0 |
402 |     123 |     541 |      37 |     548 |     540 |       1 |       0 |       0 |
403 |     123 |     548 |      37 |     555 |     540 |       1 |       0 |       0 |
404 |     123 |     555 |      37 |     562 |     540 |       1 |       0 |       0 |
405 |     123 |     562 |      37 |     540 |     569 |       1 |       0 |       0 |
406 |     123 |     540 |      37 |     546 |     547 |       1 |       0 |       0 |
407 |     123 |     547 |      37 |     554 |     546 |       1 |       0 |       0 |
408 |     123 |     554 |      37 |     561 |     546 |       1 |       0 |       0 |
409 |     123 |     561 |      37 |     568 |     546 |       1 |       0 |       0 |
410 |     123 |     568 |      37 |     546 |     575 |       1 |       0 |       0 |
411 |     123 |     546 |      37 |     552 |     553 |       1 |       0 |       0 |
412 |     123 |     553 |      37 |     560 |     552 |       1 |       0 |       0 |
413 |     123 |     560 |      37 |     567 |     552 |       1 |       0 |       0 |
414 |     123 |     567 |      37 |     574 |     552 |       1 |       0 |       0 |
415 |     123 |     574 |      37 |     552 |     581 |       1 |       0 |       0 |
416 |     123 |     552 |      37 |     558 |     559 |       1 |       0 |       0 |
417 |     123 |     559 |      37 |     566 |     558 |       1 |       0 |       0 |
418 |     123 |     566 |      37 |     573 |     558 |       1 |       0 |       0 |
419 |     123 |     573 |      37 |     580 |     558 |       1 |       0 |       0 |
420 |     123 |     580 |      37 |     558 |     587 |       1 |       0 |       0 |
421 |     123 |     558 |      37 |     564 |     565 |       1 |       0 |       0 |
422 |     123 |     565 |      37 |     572 |     564 |       1 |       0 |       0 |
423 |     123 |     572 |      37 |     579 |     564 |       1 |       0 |       0 |
424 |     123 |     579 |      37 |     586 |     564 |       1 |       0 |       0 |
425 |     123 |     586 |      37 |     564 |     593 |       1 |       0 |       0 |
426 |     123 |     564 |      37 |     570 |     571 |       1 |       0 |       0 |
427 |     123 |     571 |      37 |     578 |     570 |       1 |       0 |       0 |
428 |     123 |     578 |      37 |     585 |     570 |       1 |       0 |       0 |
429 |     123 |     585 |      37 |     592 |     570 |       1 |       0 |       0 |
430 |     123 |     592 |      37 |     570 |     599 |       1 |       0 |       0 |
431 |     123 |     570 |      37 |     576 |     577 |       1 |       0 |       0 |
432 |     123 |     577 |      37 |     584 |     576 |       1 |       0 |       0 |
433 |     123 |     584 |      37 |     591 |     576 |       1 |       0 |       0 |
434 |     123 |     591 |      37 |     598 |     576 |       1 |       0 |       0 |
435 |     123 |     598 |      37 |     576 |     605 |       1 |       0 |       0 |
436 |     123 |     576 |      37 |     582 |     583 |       1 |       0 |       0 |
437 |     123 |     583 |      37 |     590 |     582 |       1 |       0 |       0 |
438 |     123 |     590 |      37 |     597 |     582 |       1 |       0 |       0 |
439 |     123 |     597 |      37 |     604 |     582 |       1 |       0 |       0 |
440 |     123 |     604 |      37 |     582 |     611 |       1 |       0 |       0 |
441 |     123 |     582 |      37 |     588 |     589 |       1 |       0 |       0 |
442 |     123 |     589 |      37 |     596 |     588 |       1 |       0 |       0 |
443 |     123 |     596 |      37 |     603 |     588 |       1 |       0 |       0 |
444 |     123 |     603 |      37 |     610 |     588 |       1 |       0 |       0 |
445 |     123 |     610 |      37 |     588 |     617 |       1 |       0 |       0 |
446 |     123 |     588 |      37 |     594 |     595 |       1 |       0 |       0 |
447 |     123 |     595 |      37 |     602 |     594 |       1 |       0 |       0 |
448 |     123 |     602 |      37 |     609 |     594 |       1 |       0 |       0 |
449 |     123 |     609 |      37 |     616 |     594 |       1 |       0 |       0 |
450 |     123 |     616 |      37 |     594 |     623 |       1 |       0 |       0 |
451 |     123 |     594 |      37 |     600 |     601 |       1 |       0 |       0 |
452 |     123 |     601 |      37 |     608 |     600 |       1 |       0 |       0 |
453 |     123 |     608 |      37 |     615 |     600 |       1 |       0 |       0 |
454 |     123 |     615 |      37 |     622 |     600 |       1 |       0 |       0 |
455 |     123 |     622 |      37 |     600 |     629 |       1 |       0 |       0 |
456 |     123 |     600 |      37 |     606 |     607 |       1 |       0 |       0 |
457 |     123 |     607 |      37 |     614 |     606 |       1 |       0 |       0 |
458 |     123 |     614 |      37 |     621 |     606 |       1 |       0 |       0 |
459 |     123 |     621 |      37 |     628 |     606 |       1 |       0 |       0 |
460 |     123 |     628 |      37 |     606 |     635 |       1 |       0 |       0 |
461 |     123 |     606 |      37 |     612 |     613 |       1 |       0 |       0 |
462 |     123 |     613 |      37 |     620 |     612 |       1 |       0 |       0 |
463 |     123 |     620 |      37 |     627 |     612 |       1 |       0 |       0 |
464 |     123 |     627 |      37 |     634 |     612 |       1 |       0 |       0 |
465 |     123 |     634 |      37 |     612 |     641 |       1 |       0 |       0 |
466 |     123 |     612 |      37 |     618 |     619 |       1 |       0 |       0 |
467 |     123 |     619 |      37 |     626 |     618 |       1 |       0 |       0 |
468 |     123 |     626 |      37 |     633 |     618 |       1 |       0 |       0 |
469 |     123 |     633 |      37 |     640 |     618 |       1 |       0 |       0 |
470 |     123 |     640 |      37 |     618 |     647 |       1 |       0 |       0 |
471 |     123 |     618 |      37 |     624 |     625 |       1 |       0 |       0 |
472 |     123 |     625 |      37 |     632 |     624 |       1 |       0 |       0 |
473 |     123 |     632 |      37 |     639 |     624 |       1 |       0 |       0 |
474 |     123 |     639 |      37 |     646 |     624 |       1 |       0 |       0 |
475 |     123 |     646 |      37 |     624 |     653 |       1 |       0 |       0 |
476 |     123 |     624 |      37 |     630 |     631 |       1 |       0 |       0 |
477 |     123 |     631 |      37 |     638 |     630 |       1 |       0 |       0 |
478 |     123 |     638 |      37 |     645 |     630 |       1 |       0 |       0 |
479 |     123 |     645 |      37 |     652 |     630 |       1 |       0 |       0 |
480 |     123 |     652 |      37 |     630 |     659 |       1 |       0 |       0 |
481 |     123 |     630 |      37 |     636 |     637 |       1 |       0 |       0 |
482 |     123 |     637 |      37 |     644 |     636 |       1 |       0 |       0 |
483 |     123 |     644 |      37 |     651 |     636 |       1 |       0 |       0 |
484 |     123 |     651 |      37 |     658 |     636 |       1 |       0 |       0 |
485 |     123 |     658 |      37 |     636 |     665 |       1 |       0 |       0 |
486 |     123 |     636 |      37 |     642 |     643 |       1 |       0 |       0 |
487 |     123 |     643 |      37 |     650 |     642 |       1 |       0 |       0 |
488 |     123 |     650 |      37 |     657 |     642 |       1 |       0 |       0 |
489 |     123 |     657 |      37 |     664 |     642 |       1 |       0 |       0 |
490 |     123 |     664 |      37 |     642 |     671 |       1 |       0 |       0 |
491 |     123 |     642 |      37 |     648 |     649 |       1 |       0 |       0 |
492 |     123 |     649 |      37 |     656 |     648 |       1 |       0 |       0 |
493 |     123 |     656 |      37 |     663 |     648 |       1 |       0 |       0 |
494 |     123 |     663 |      37 |     670 |     648 |       1 |       0 |       0 |
495 |     123 |     670 |      37 |     648 |     677 |       1 |       0 |       0 |
496 |     123 |     648 |      37 |     654 |     655 |       1 |       0 |       0 |
497 |     123 |     655 |      37 |     662 |     654 |       1 |       0 |       0 |
498 |     123 |     662 |      37 |     669 |     654 |       1 |       0 |       0 |
499 |     123 |     669 |      37 |     676 |     654 |       1 |       0 |       0 |
500 |     123 |     676 |      37 |     654 |     683 |       1 |       0 |       0 |
501 |     123 |     654 |      37 |     660 |     661 |       1 |       0 |       0 |
502 |     123 |     661 |      37 |     668 |     660 |       1 |       0 |       0 |
503 |     123 |     668 |      37 |     675 |     660 |       1 |       0 |       0 |
504 |     123 |     675 |      37 |     682 |     660 |       1 |       0 |       0 |
505 |     123 |     682 |      37 |     660 |     689 |       1 |       0 |       0 |
506 |     123 |     660 |      37 |     666 |     667 |       1 |       0 |       0 |
507 |     123 |     667 |      37 |     674 |     666 |       1 |       0 |       0 |
508 |     123 |     674 |      37 |     681 |     666 |       1 |       0 |       0 |
509 |     123 |     681 |      37 |     688 |     666 |       1 |       0 |       0 |
510 |     123 |     688 |      37 |     666 |     695 |       1 |       0 |       0 |
511 |     123 |     666 |      37 |     672 |     673 |       1 |       0 |       0 |
512 |     123 |     673 |      37 |     680 |     672 |       1 |       0 |       0 |
513 |     123 |     680 |      37 |     687 |     672 |       1 |       0 |       0 |
514 |     123 |     687 |      37 |     694 |     672 |       1 |       0 |       0 |
515 |     123 |     694 |      37 |     672 |     701 |       1 |       0 |       0 |
516 |     123 |     672 |      37 |     678 |     679 |       1 |       0 |       0 |
517 |     123 |     679 |      37 |     686 |     678 |       1 |       0 |       0 |
518 |     123 |     686 |      37 |     693 |     678 |       1 |       0 |       0 |
519 |     123 |     693 |      37 |     700 |     678 |       1 |       0 |       0 |
520 |     123 |     700 |      37 |     678 |     707 |       1 |       0 |       0 |
521 |     123 |     678 |      37 |     684 |     685 |       1 |       0 |       0 |
522 |     123 |     685 |      37 |     692 |     684 |       1 |       0 |       0 |
523 |     123 |     692 |      37 |     699 |     684 |       1 |       0 |       0 |
524 |     123 |     699 |      37 |     706 |     684 |       1 |       0 |       0 |
525 |     123 |     706 |      37 |     684 |     713 |       1 |       0 |       0 |
526 |     123 |     684 |      37 |     690 |     691 |       1 |       0 |       0 |
527 |     123 |     691 |      37 |     698 |     690 |       1 |       0 |       0 |
528 |     123 |     698 |      37 |     705 |     690 |       1 |       0 |       0 |
529 |     123 |     705 |      37 |     712 |     690 |       1 |       0 |       0 |
530 |     123 |     712 |      37 |     690 |     719 |       1 |       0 |       0 |
531 |     123 |     690 |      37 |     696 |     697 |       1 |       0 |       0 |
532 |     123 |     697 |      37 |     704 |     696 |       1 |       0 |       0 |
533 |     123 |     704 |      37 |     711 |     696 |       1 |       0 |       0 |
534 |     123 |     711 |      37 |     718 |     696 |       1 |       0 |       0 |
535 |     123 |     718 |      37 |     696 |     725 |       1 |       0 |       0 |
536 |     123 |     696 |      37 |     702 |     703 |       1 |       0 |       0 |
537 |     123 |     703 |      37 |     710 |     702 |       1 |       0 |       0 |
538 |     123 |     710 |      37 |     717 |     702 |       1 |       0 |       0 |
539 |     123 |     717 |      37 |     724 |     702 |       1 |       0 |       0 |
540 |     123 |     724 |      37 |     702 |     731 |       1 |       0 |       0 |
541 |     123 |     702 |      37 |     708 |     709 |       1 |       0 |       0 |
542 |     123 |     709 |      37 |     716 |     708 |       1 |       0 |       0 |
543 |     123 |     716 |      37 |     723 |     708 |       1 |       0 |       0 |
544 |     123 |     723 |      37 |     730 |     708 |       1 |       0 |       0 |
545 |     123 |     730 |      37 |     708 |     737 |       1 |       0 |       0 |
546 |     123 |     708 |      37 |     714 |     715 |       1 |       0 |       0 |
547 |     123 |     715 |      37 |     722 |     714 |       1 |       0 |       0 |
548 |     123 |     722 |      37 |     729 |     714 |       1 |       0 |       0 |
549 |     123 |     729 |      37 |     736 |     714 |       1 |       0 |       0 |
550 |     123 |     736 |      37 |     714 |     743 |       1 |       0 |       0 |
551 |     123 |     714 |      37 |     720 |     721 |       1 |       0 |       0 |
552 |     123 |     721 |      37 |     728 |     720 |       1 |       0 |       0 |
553 |     123 |     728 |      37 |     735 |     720 |       1 |       0 |       0 |
554 |     123 |     735 |      37 |     742 |     720 |       1 |       0 |       0 |
555 |     123 |     742 |      37 |     720 |     749 |       1 |       0 |       0 |
556 |     123 |     720 |      37 |     726 |     727 |       1 |       0 |       0 |
557 |     123 |     727 |      37 |     734 |     726 |       1 |       0 |       0 |
558 |     123 |     734 |      37 |     741 |     726 |       1 |       0 |       0 |
559 |     123 |     741 |      37 |     748 |     726 |       1 |       0 |       0 |
560 |     123 |     748 |      37 |     726 |     755 |       1 |       0 |       0 |
561 |     123 |     726 |      37 |     732 |     733 |       1 |       0 |       0 |
562 |     123 |     733 |      37 |     740 |     732 |       1 |       0 |       0 |
563 |     123 |     740 |      37 |     747 |     732 |       1 |       0 |       0 |
564 |     123 |     747 |      37 |     754 |     732 |       1 |       0 |       0 |
565 |     123 |     754 |      37 |     732 |     761 |       1 |       0 |       0 |
566 |     123 |     732 |      37 |     738 |     739 |       1 |       0 |       0 |
567 |     123 |     739 |      37 |     746 |     738 |       1 |       0 |       0 |
568 |     123 |     746 |      37 |     753 |     738 |       1 |       0 |       0 |
569 |     123 |     753 |      37 |     760 |     738 |       1 |       0 |       0 |
570 |     123 |     760 |      37 |     738 |     767 |       1 |       0 |       0 |
571 |     123 |     738 |      37 |     744 |     745 |       1 |       0 |       0 |
572 |     123 |     745 |      37 |     752 |     744 |       1 |       0 |       0 |
573 |     123 |     752 |      37 |     759 |     744 |       1 |       0 |       0 |
574 |     123 |     759 |      37 |     766 |     744 |       1 |       0 |       0 |
575 |     123 |     766 |      37 |     744 |     773 |       1 |       0 |       0 |
576 |     123 |     744 |      37 |     750 |     751 |       1 |       0 |       0 |
577 |     123 |     751 |      37 |     758 |     750 |       1 |       0 |       0 |
578 |     123 |     758 |      37 |     765 |     750 |       1 |       0 |       0 |
579 |     123 |     765 |      37 |     772 |     750 |       1 |       0 |       0 |
580 |     123 |     772 |      37 |     750 |     779 |       1 |       0 |       0 |
581 |     123 |     750 |      37 |     756 |     757 |       1 |       0 |       0 |
582 |     123 |     757 |      37 |     764 |     756 |       1 |       0 |       0 |
583 |     123 |     764 |      37 |     771 |     756 |       1 |       0 |       0 |
584 |     123 |     771 |      37 |     778 |     756 |       1 |       0 |       0 |
585 |     123 |     778 |      37 |     756 |     785 |       1 |       0 |       0 |
586 |     123 |     756 |      37 |     762 |     763 |       1 |       0 |       0 |
587 |     123 |     763 |      37 |     770 |     762 |       1 |       0 |       0 |
588 |     123 |     770 |      37 |     777 |     762 |       1 |       0 |       0 |
589 |     123 |     777 |      37 |     784 |     762 |       1 |       0 |       0 |
590 |     123 |     784 |      37 |     762 |     791 |       1 |       0 |       0 |
591 |     123 |     762 |      37 |     768 |     769 |       1 |       0 |       0 |
592 |     123 |     769 |      37 |     776 |     768 |       1 |       0 |       0 |
593 |     123 |     776 |      37 |     783 |     768 |       1 |       0 |       0 |
594 |     123 |     783 |      37 |     790 |     768 |       1 |       0 |       0 |
595 |     123 |     790 |      37 |     768 |     797 |       1 |       0 |       0 |
596 |     123 |     768 |      37 |     774 |     775 |       1 |       0 |       0 |
597 |     123 |     775 |      37 |     782 |     774 |       1 |       0 |       0 |
598 |     123 |     782 |      37 |     789 |     774 |       1 |       0 |       0 |
599 |     123 |     789 |      37 |     796 |     774 |       1 |       0 |       0 |
600 |     123 |     796 |      37 |     774 |     803 |       1 |       0 |       0 |
601 |     123 |     774 |      37 |     780 |     781 |       1 |       0 |       0 |
602 |     123 |     781 |      37 |     788 |     780 |       1 |       0 |       0 |
603 |     123 |     788 |      37 |     795 |     780 |       1 |       0 |       0 |
604 |     123 |     795 |      37 |     802 |     780 |       1 |       0 |       0 |
605 |     123 |     802 |      37 |     780 |     809 |       1 |       0 |       0 |
606 |     123 |     780 |      37 |     786 |     787 |       1 |       0 |       0 |
607 |     123 |     787 |      37 |     794 |     786 |       1 |       0 |       0 |
608 |     123 |     794 |      37 |     801 |     786 |       1 |       0 |       0 |
609 |     123 |     801 |      37 |     808 |     786 |       1 |       0 |       0 |
610 |     123 |     808 |      37 |     786 |     815 |       1 |       0 |       0 |
611 |     123 |     786 |      37 |     792 |     793 |       1 |       0 |       0 |
612 |     123 |     793 |      37 |     800 |     792 |       1 |       0 |       0 |
613 |     123 |     800 |      37 |     807 |     792 |       1 |       0 |       0 |
614 |     123 |     807 |      37 |     814 |     792 |       1 |       0 |       0 |
615 |     123 |     814 |      37 |     792 |     820 |       1 |       0 |       0 |
616 |     123 |     792 |      37 |     798 |     799 |       1 |       0 |       0 |
617 |     123 |     799 |      37 |     806 |     798 |       1 |       0 |       0 |
618 |     123 |     806 |      37 |     813 |     798 |       1 |       0 |       0 |
619 |     123 |     813 |      37 |     819 |     798 |       1 |       0 |       0 |
620 |     123 |     819 |      37 |     798 |     823 |       1 |       0 |       0 |
621 |     123 |     798 |      37 |     804 |     805 |       1 |       0 |       0 |
622 |     123 |     805 |      37 |     812 |     804 |       1 |       0 |       0 |
623 |     123 |     812 |      37 |     818 |     804 |       1 |       0 |       0 |
624 |     123 |     818 |      37 |     822 |     804 |       1 |       0 |       0 |
625 |     123 |     822 |      37 |     804 |     825 |       1 |       0 |       0 |
626 |     123 |     804 |      37 |     810 |     811 |       1 |       0 |       0 |
627 |     123 |     811 |      37 |     817 |     810 |       1 |       0 |       0 |
628 |     123 |     817 |      37 |     821 |     810 |       1 |       0 |       0 |
629 |     123 |     821 |      37 |     824 |     810 |       1 |       0 |       0 |
630 |     123 |     824 |      37 |     810 |     826 |       1 |       0 |       0 |
631 |     123 |     810 |      37 |     816 |       0 |       1 |       0 |       0 |
632 |     123 |     816 |      37 |      53 |      56 |       1 |       0 |       0 |
633 |     123 |      56 |      37 |      34 |      37 |       1 |       0 |       0 |
634 |     123 |      37 |     827 |     827 |       0 |       1 |       1 |       0 |
635 |     123 |     827 |     834 |      38 |      69 |       1 |       1 |       0 |
636 |     123 |      38 |      69 |      39 |      40 |       1 |       0 |       1 |
637 |     123 |      39 |      69 |      57 |      40 |       1 |       0 |       0 |
638 |     123 |      57 |      69 |      67 |      68 |       1 |       0 |       0 |
639 |     123 |      68 |      69 |      95 |      81 |       1 |       0 |       0 |
640 |     123 |      81 |      69 |      82 |      40 |       1 |       0 |       0 |
641 |     123 |      82 |      69 |      88 |      40 |       1 |       0 |       0 |
642 |     123 |      88 |      69 |      94 |      95 |       1 |       0 |       0 |
643 |     123 |      95 |      69 |      81 |      40 |       1 |       0 |       0 |
644 |     123 |      81 |      69 |      82 |      40 |       1 |       0 |       0 |
645 |     123 |      82 |      69 |      88 |      40 |       1 |       0 |       0 |
646 |     123 |      88 |      69 |      94 |      95 |       1 |       0 |       0 |
647 |     123 |      94 |      69 |     101 |      40 |       1 |       0 |       0 |
648 |     123 |     101 |      69 |     107 |      40 |       1 |       0 |       0 |
649 |     123 |     107 |      69 |     113 |      40 |       1 |       0 |       0 |
650 |     123 |     113 |      69 |     119 |      40 |       1 |       0 |       0 |
651 |     123 |     119 |      69 |      40 |       0 |       1 |       0 |       0 |
652 |     123 |      40 |      69 |      58 |      59 |       1 |       0 |       0 |
653 |     123 |      58 |      69 |      69 |       0 |       1 |       0 |       0 |
654 |     123 |      69 |     834 |     834 |       0 |       1 |       1 |       0 |
655 |     123 |     834 |     841 |       0 |       0 |       1 |       1 |       0 |
656 |     123 |     834 |     841 |       0 |       0 |       0 |       0 |       0 |
657 |     123 |     834 |     841 |       0 |       0 |       0 |       0 |       0 |
658 |     123 |     834 |     841 |       0 |       0 |       0 |       0 |       0 |
659 |     123 |     834 |     841 |       0 |       0 |       0 |       0 |       0 |
660 |     123 |     834 |     841 |       0 |       0 |       0 |       0 |       0 |
661 |     123 |     834 |     841 |       0 |       0 |       0 |       0 |       0 |
662 |     123 |     834 |     841 |       0 |       0 |       0 |       0 |       0 |
663 |     123 |     834 |     841 |       0 |       0 |       0 |       0 |       0 |
664 |     123 |     834 |     841 |       0 |       0 |       0 |       0 |       0 |
665 |     123 |     834 |     841 |       0 |       0 |       0 |       0 |       0 |
666 |     123 |     834 |     841 |       0 |       0 |       0 |       0 |       0 |
667 |     123 |     834 |     841 |       0 |       0 |       0 |       0 |       0 |
668 |     123 |     834 |     841 |       0 |       0 |       0 |       0 |       0 |
669 |     123 |     834 |     841 |       0 |       0 |       0 |       0 |       0 |
670 |     123 |     834 |     841 |       0 |       0 |       0 |       0 |       0 |
671 |     123 |     834 |     841 |       0 |       0 |       0 |       0 |       0 |
672 |     123 |     834 |     841 |       0 |       0 |       0 |       0 |       0 |
673 |     123 |     834 |     841 |       0 |       0 |       0 |       0 |       0 |
674 |     123 |     834 |     841 |       0 |       0 |       0 |       0 |       0 |
675 |     123 |     834 |     841 |       0 |       0 |       0 |       0 |       0 |
676 |     123 |     834 |     841 |       0 |       0 |       0 |       0 |       0 |
677 |     123 |     834 |     841 |       0 |       0 |       0 |       0 |       0 |
678 |     123 |     834 |     841 |       0 |       0 |       0 |       0 |       0 |
679 |     123 |     834 |     841 |       0 |       0 |       0 |       0 |       0 |
680 |     123 |     834 |     841 |       0 |       0 |       0 |       0 |       0 |
681 |     123 |     834 |     841 |       0 |       0 |       0 |       0 |       0 |
682 |     123 |     834 |     841 |       0 |       0 |       0 |       0 |       0 |
683 |     123 |     834 |     841 |       0 |       0 |       0 |       0 |       0 |
684 |     123 |     834 |     841 |       0 |       0 |       0 |       0 |       0 |
685 |     123 |     834 |     841 |       0 |       0 |       0 |       0 |       0 |
686 |     123 |     834 |     841 |       0 |       0 |       0 |       0 |       0 |
687 |     123 |     834 |     841 |       0 |       0 |       0 |       0 |       0 |
688 |     123 |     834 |     841 |       0 |       0 |       0 |       0 |       0 |
689 |     123 |     834 |     841 |       0 |       0 |       0 |       0 |       0 |
690 |     123 |     834 |     841 |       0 |       0 |       0 |       0 |       0 |
691 |     123 |     834 |     841 |       0 |       0 |       0 |       0 |       0 |
692 |     123 |     834 |     841 |       0 |       0 |       0 |       0 |       0 |
693 |     123 |     834 |     841 |       0 |       0 |       0 |       0 |       0 |
694 |     123 |     834 |     841 |       0 |       0 |       0 |       0 |       0 |
695 |     123 |     834 |     841 |       0 |       0 |       0 |       0 |       0 |
696 |     123 |     834 |     841 |       0 |       0 |       0 |       0 |       0 |
697 |     123 |     834 |     841 |       0 |       0 |       0 |       0 |       0 |
698 |     123 |     834 |     841 |       0 |       0 |       0 |       0 |       0 |
699 |     123 |     834 |     841 |       0 |       0 |       0 |       0 |       0 |
700 |     123 |     834 |     841 |       0 |       0 |       0 |       0 |       0 |
701 |     123 |     834 |     841 |       0 |       0 |       0 |       0 |       0 |
702 |     123 |     834 |     841 |       0 |       0 |       0 |       0 |       0 |
703 |     123 |     834 |     841 |       0 |       0 |       0 |       0 |       0 |
704 |     123 |     834 |     841 |       0 |       0 |       0 |       0 |       0 |
705 |     123 |     834 |     841 |       0 |       0 |       0 |       0 |       0 |
706 |     123 |     834 |     841 |       0 |       0 |       0 |       0 |       0 |
707 |     123 |     834 |     841 |       0 |       0 |       0 |       0 |       0 |
708 |     123 |     834 |     841 |       0 |       0 |       0 |       0 |       0 |
709 |     123 |     834 |     841 |       0 |       0 |       0 |       0 |       0 |
710 |     123 |     834 |     841 |       0 |       0 |       0 |       0 |       0 |
711 |     123 |     834 |     841 |       0 |       0 |       0 |       0 |       0 |
712 |     123 |     834 |     841 |       0 |       0 |       0 |       0 |       0 |
713 |     123 |     834 |     841 |       0 |       0 |       0 |       0 |       0 |
714 |     123 |     834 |     841 |       0 |       0 |       0 |       0 |       0 |
715 |     123 |     834 |     841 |       0 |       0 |       0 |       0 |       0 |
716 |     123 |     834 |     841 |       0 |       0 |       0 |       0 |       0 |
717 |     123 |     834 |     841 |       0 |       0 |       0 |       0 |       0 |
718 |     123 |     834 |     841 |       0 |       0 |       0 |       0 |       0 |
719 |     123 |     834 |     841 |       0 |       0 |       0 |       0 |       0 |
720 |     123 |     834 |     841 |       0 |       0 |       0 |       0 |       0 |
721 |     123 |     834 |     841 |       0 |       0 |       0 |       0 |       0 |
722 |     123 |     834 |     841 |       0 |       0 |       0 |       0 |       0 |
723 |     123 |     834 |     841 |       0 |       0 |       0 |       0 |       0 |
724 |     123 |     834 |     841 |       0 |       0 |       0 |       0 |       0 |
725 |     123 |     834 |     841 |       0 |       0 |       0 |       0 |       0 |
726 |     123 |     834 |     841 |       0 |       0 |       0 |       0 |       0 |
727 |     123 |     834 |     841 |       0 |       0 |       0 |       0 |       0 |
728 |     123 |     834 |     841 |       0 |       0 |       0 |       0 |       0 |
729 |     123 |     834 |     841 |       0 |       0 |       0 |       0 |       0 |
730 |     123 |     834 |     841 |       0 |       0 |       0 |       0 |       0 |
731 |     123 |     834 |     841 |       0 |       0 |       0 |       0 |       0 |
732 |     123 |     834 |     841 |       0 |       0 |       0 |       0 |       0 |
733 |     123 |     834 |     841 |       0 |       0 |       0 |       0 |       0 |
734 |     123 |     834 |     841 |       0 |       0 |       0 |       0 |       0 |
735 |     123 |     834 |     841 |       0 |       0 |       0 |       0 |       0 |
736 |     123 |     834 |     841 |       0 |       0 |       0 |       0 |       0 |
737 |     123 |     834 |     841 |       0 |       0 |       0 |       0 |       0 |
738 |     123 |     834 |     841 |       0 |       0 |       0 |       0 |       0 |
739 |     123 |     834 |     841 |       0 |       0 |       0 |       0 |       0 |
740 |     123 |     834 |     841 |       0 |       0 |       0 |       0 |       0 |
741 |     123 |     834 |     841 |       0 |       0 |       0 |       0 |       0 |
742 |     123 |     834 |     841 |       0 |       0 |       0 |       0 |       0 |
743 |     123 |     834 |     841 |       0 |       0 |       0 |       0 |       0 |
744 |     123 |     834 |     841 |       0 |       0 |       0 |       0 |       0 |
745 |     123 |     834 |     841 |       0 |       0 |       0 |       0 |       0 |
746 |     123 |     834 |     841 |       0 |       0 |       0 |       0 |       0 |
747 |     123 |     834 |     841 |       0 |       0 |       0 |       0 |       0 |
748 |     123 |     834 |     841 |       0 |       0 |       0 |       0 |       0 |
749 |     123 |     834 |     841 |       0 |       0 |       0 |       0 |       0 |
750 |     123 |     834 |     841 |       0 |       0 |       0 |       0 |       0 |
751 |     123 |     834 |     841 |       0 |       0 |       0 |       0 |       0 |
752 |     123 |     834 |     841 |       0 |       0 |       0 |       0 |       0 |
753 |     123 |     834 |     841 |       0 |       0 |       0 |       0 |       0 |
754 |     123 |     834 |     841 |       0 |       0 |       0 |       0 |       0 |
755 |     123 |     834 |     841 |       0 |       0 |       0 |       0 |       0 |
756 |     123 |     834 |     841 |       0 |       0 |       0 |       0 |       0 |
757 |     123 |     834 |     841 |       0 |       0 |       0 |       0 |       0 |
758 |     123 |     834 |     841 |       0 |       0 |       0 |       0 |       0 |
759 |     123 |     834 |     841 |       0 |       0 |       0 |       0 |       0 |
760 |     123 |     834 |     841 |       0 |       0 |       0 |       0 |       0 |
761 |     123 |     834 |     841 |       0 |       0 |       0 |       0 |       0 |
762 |     123 |     834 |     841 |       0 |       0 |       0 |       0 |       0 |
763 |     123 |     834 |     841 |       0 |       0 |       0 |       0 |       0 |
764 |     123 |     834 |     841 |       0 |       0 |       0 |       0 |       0 |
765 |     123 |     834 |     841 |       0 |       0 |       0 |       0 |       0 |
766 |     123 |     834 |     841 |       0 |       0 |       0 |       0 |       0 |
767 |     123 |     834 |     841 |       0 |       0 |       0 |       0 |       0 |
768 |     123 |     834 |     841 |       0 |       0 |       0 |       0 |       0 |
769 |     123 |     834 |     841 |       0 |       0 |       0 |       0 |       0 |
770 |     123 |     834 |     841 |       0 |       0 |       0 |       0 |       0 |
771 |     123 |     834 |     841 |       0 |       0 |       0 |       0 |       0 |
772 |     123 |     834 |     841 |       0 |       0 |       0 |       0 |       0 |
773 |     123 |     834 |     841 |       0 |       0 |       0 |       0 |       0 |
774 |     123 |     834 |     841 |       0 |       0 |       0 |       0 |       0 |
775 |     123 |     834 |     841 |       0 |       0 |       0 |       0 |       0 |
776 |     123 |     834 |     841 |       0 |       0 |       0 |       0 |       0 |
777 |     123 |     834 |     841 |       0 |       0 |       0 |       0 |       0 |
778 |     123 |     834 |     841 |       0 |       0 |       0 |       0 |       0 |
779 |     123 |     834 |     841 |       0 |       0 |       0 |       0 |       0 |
780 |     123 |     834 |     841 |       0 |       0 |       0 |       0 |       0 |
781 |     123 |     834 |     841 |       0 |       0 |       0 |       0 |       0 |
782 |     123 |     834 |     841 |       0 |       0 |       0 |       0 |       0 |
783 |     123 |     834 |     841 |       0 |       0 |       0 |       0 |       0 |
784 |     123 |     834 |     841 |       0 |       0 |       0 |       0 |       0 |
785 |     123 |     834 |     841 |       0 |       0 |       0 |       0 |       0 |
786 |     123 |     834 |     841 |       0 |       0 |       0 |       0 |       0 |
787 |     123 |     834 |     841 |       0 |       0 |       0 |       0 |       0 |
788 |     123 |     834 |     841 |       0 |       0 |       0 |       0 |       0 |
789 |     123 |     834 |     841 |       0 |       0 |       0 |       0 |       0 |
790 |     123 |     834 |     841 |       0 |       0 |       0 |       0 |       0 |
791 |     123 |     834 |     841 |       0 |       0 |       0 |       0 |       0 |
792 |     123 |     834 |     841 |       0 |       0 |       0 |       0 |       0 |
793 |     123 |     834 |     841 |       0 |       0 |       0 |       0 |       0 |
794 |     123 |     834 |     841 |       0 |       0 |       0 |       0 |       0 |
795 |     123 |     834 |     841 |       0 |       0 |       0 |       0 |       0 |
796 |     123 |     834 |     841 |       0 |       0 |       0 |       0 |       0 |
797 |     123 |     834 |     841 |       0 |       0 |       0 |       0 |       0 |
798 |     123 |     834 |     841 |       0 |       0 |       0 |       0 |       0 |
799 |     123 |     834 |     841 |       0 |       0 |       0 |       0 |       0 |
800 |     123 |     834 |     841 |       0 |       0 |       0 |       0 |       0 |
801 |     123 |     834 |     841 |       0 |       0 |       0 |       0 |       0 |
802 |     123 |     834 |     841 |       0 |       0 |       0 |       0 |       0 |
803 |     123 |     834 |     841 |       0 |       0 |       0 |       0 |       0 |
804 |     123 |     834 |     841 |       0 |       0 |       0 |       0 |       0 |
805 |     123 |     834 |     841 |       0 |       0 |       0 |       0 |       0 |
806 |     123 |     834 |     841 |       0 |       0 |       0 |       0 |       0 |
807 |     123 |     834 |     841 |       0 |       0 |       0 |       0 |       0 |
808 |     123 |     834 |     841 |       0 |       0 |       0 |       0 |       0 |
809 |     123 |     834 |     841 |       0 |       0 |       0 |       0 |       0 |
810 |     123 |     834 |     841 |       0 |       0 |       0 |       0 |       0 |
811 |     123 |     834 |     841 |       0 |       0 |       0 |       0 |       0 |
812 |     123 |     834 |     841 |       0 |       0 |       0 |       0 |       0 |
813 |     123 |     834 |     841 |       0 |       0 |       0 |       0 |       0 |
814 |     123 |     834 |     841 |       0 |       0 |       0 |       0 |       0 |
815 |     123 |     834 |     841 |       0 |       0 |       0 |       0 |       0 |
816 |     123 |     834 |     841 |       0 |       0 |       0 |       0 |       0 |
817 |     123 |     834 |     841 |       0 |       0 |       0 |       0 |       0 |
818 |     123 |     834 |     841 |       0 |       0 |       0 |       0 |       0 |
819 |     123 |     834 |     841 |       0 |       0 |       0 |       0 |       0 |
820 |     123 |     834 |     841 |       0 |       0 |       0 |       0 |       0 |
821 |     123 |     834 |     841 |       0 |       0 |       0 |       0 |       0 |
822 |     123 |     834 |     841 |       0 |       0 |       0 |       0 |       0 |
823 |     123 |     834 |     841 |       0 |       0 |       0 |       0 |       0 |
824 |     123 |     834 |     841 |       0 |       0 |       0 |       0 |       0 |
825 |     123 |     834 |     841 |       0 |       0 |       0 |       0 |       0 |
826 |     123 |     834 |     841 |       0 |       0 |       0 |       0 |       0 |
827 |     123 |     834 |     841 |       0 |       0 |       0 |       0 |       0 |
828 |     123 |     834 |     841 |       0 |       0 |       0 |       0 |       0 |
829 |     123 |     834 |     841 |       0 |       0 |       0 |       0 |       0 |
830 |     123 |     834 |     841 |       0 |       0 |       0 |       0 |       0 |
831 |     123 |     834 |     841 |       0 |       0 |       0 |       0 |       0 |
832 |     123 |     834 |     841 |       0 |       0 |       0 |       0 |       0 |
833 |     123 |     834 |     841 |       0 |       0 |       0 |       0 |       0 |
834 |     123 |     834 |     841 |       0 |       0 |       0 |       0 |       0 |
835 |     123 |     834 |     841 |       0 |       0 |       0 |       0 |       0 |
836 |     123 |     834 |     841 |       0 |       0 |       0 |       0 |       0 |
837 |     123 |     834 |     841 |       0 |       0 |       0 |       0 |       0 |
838 |     123 |     834 |     841 |       0 |       0 |       0 |       0 |       0 |
839 |     123 |     834 |     841 |       0 |       0 |       0 |       0 |       0 |
840 |     123 |     834 |     841 |       0 |       0 |       0 |       0 |       0 |
841 |     123 |     834 |     841 |       0 |       0 |       0 |       0 |       0 |
842 |     123 |     834 |     841 |       0 |       0 |       0 |       0 |       0 |
843 |     123 |     834 |     841 |       0 |       0 |       0 |       0 |       0 |
844 |     123 |     834 |     841 |       0 |       0 |       0 |       0 |       0 |
845 |     123 |     834 |     841 |       0 |       0 |       0 |       0 |       0 |
846 |     123 |     834 |     841 |       0 |       0 |       0 |       0 |       0 |
847 |     123 |     834 |     841 |       0 |       0 |       0 |       0 |       0 |
848 |     123 |     834 |     841 |       0 |       0 |       0 |       0 |       0 |
849 |     123 |     834 |     841 |       0 |       0 |       0 |       0 |       0 |
850 |     123 |     834 |     841 |       0 |       0 |       0 |       0 |       0 |
851 |     123 |     834 |     841 |       0 |       0 |       0 |       0 |       0 |
852 |     123 |     834 |     841 |       0 |       0 |       0 |       0 |       0 |
853 |     123 |     834 |     841 |       0 |       0 |       0 |       0 |       0 |
854 |     123 |     834 |     841 |       0 |       0 |       0 |       0 |       0 |
855 |     123 |     834 |     841 |       0 |       0 |       0 |       0 |       0 |
856 |     123 |     834 |     841 |       0 |       0 |       0 |       0 |       0 |
857 |     123 |     834 |     841 |       0 |       0 |       0 |       0 |       0 |
858 |     123 |     834 |     841 |       0 |       0 |       0 |       0 |       0 |
859 |     123 |     834 |     841 |       0 |       0 |       0 |       0 |       0 |
860 |     123 |     834 |     841 |       0 |       0 |       0 |       0 |       0 |
861 |     123 |     834 |     841 |       0 |       0 |       0 |       0 |       0 |
862 |     123 |     834 |     841 |       0 |       0 |       0 |       0 |       0 |
863 |     123 |     834 |     841 |       0 |       0 |       0 |       0 |       0 |
864 |     123 |     834 |     841 |       0 |       0 |       0 |       0 |       0 |
865 |     123 |     834 |     841 |       0 |       0 |       0 |       0 |       0 |
866 |     123 |     834 |     841 |       0 |       0 |       0 |       0 |       0 |
867 |     123 |     834 |     841 |       0 |       0 |       0 |       0 |       0 |
868 |     123 |     834 |     841 |       0 |       0 |       0 |       0 |       0 |
869 |     123 |     834 |     841 |       0 |       0 |       0 |       0 |       0 |
870 |     123 |     834 |     841 |       0 |       0 |       0 |       0 |       0 |
871 |     123 |     834 |     841 |       0 |       0 |       0 |       0 |       0 |
872 |     123 |     834 |     841 |       0 |       0 |       0 |       0 |       0 |
873 |     123 |     834 |     841 |       0 |       0 |       0 |       0 |       0 |
874 |     123 |     834 |     841 |       0 |       0 |       0 |       0 |       0 |
875 |     123 |     834 |     841 |       0 |       0 |       0 |       0 |       0 |
876 |     123 |     834 |     841 |       0 |       0 |       0 |       0 |       0 |
877 |     123 |     834 |     841 |       0 |       0 |       0 |       0 |       0 |
878 |     123 |     834 |     841 |       0 |       0 |       0 |       0 |       0 |
879 |     123 |     834 |     841 |       0 |       0 |       0 |       0 |       0 |
880 |     123 |     834 |     841 |       0 |       0 |       0 |       0 |       0 |
881 |     123 |     834 |     841 |       0 |       0 |       0 |       0 |       0 |
882 |     123 |     834 |     841 |       0 |       0 |       0 |       0 |       0 |
883 |     123 |     834 |     841 |       0 |       0 |       0 |       0 |       0 |
884 |     123 |     834 |     841 |       0 |       0 |       0 |       0 |       0 |
885 |     123 |     834 |     841 |       0 |       0 |       0 |       0 |       0 |
886 |     123 |     834 |     841 |       0 |       0 |       0 |       0 |       0 |
887 |     123 |     834 |     841 |       0 |       0 |       0 |       0 |       0 |
888 |     123 |     834 |     841 |       0 |       0 |       0 |       0 |       0 |
889 |     123 |     834 |     841 |       0 |       0 |       0 |       0 |       0 |
890 |     123 |     834 |     841 |       0 |       0 |       0 |       0 |       0 |
891 |     123 |     834 |     841 |       0 |       0 |       0 |       0 |       0 |
892 |     123 |     834 |     841 |       0 |       0 |       0 |       0 |       0 |
893 |     123 |     834 |     841 |       0 |       0 |       0 |       0 |       0 |
894 |     123 |     834 |     841 |       0 |       0 |       0 |       0 |       0 |
895 |     123 |     834 |     841 |       0 |       0 |       0 |       0 |       0 |
896 |     123 |     834 |     841 |       0 |       0 |       0 |       0 |       0 |
897 |     123 |     834 |     841 |       0 |       0 |       0 |       0 |       0 |
898 |     123 |     834 |     841 |       0 |       0 |       0 |       0 |       0 |
899 |     123 |     834 |     841 |       0 |       0 |       0 |       0 |       0 |
900 |     123 |     834 |     841 |       0 |       0 |       0 |       0 |       0 |
901 |     123 |     834 |     841 |       0 |       0 |       0 |       0 |       0 |
902 |     123 |     834 |     841 |       0 |       0 |       0 |       0 |       0 |
903 |     123 |     834 |     841 |       0 |       0 |       0 |       0 |       0 |
904 |     123 |     834 |     841 |       0 |       0 |       0 |       0 |       0 |
905 |     123 |     834 |     841 |       0 |       0 |       0 |       0 |       0 |
906 |     123 |     834 |     841 |       0 |       0 |       0 |       0 |       0 |
907 |     123 |     834 |     841 |       0 |       0 |       0 |       0 |       0 |
908 |     123 |     834 |     841 |       0 |       0 |       0 |       0 |       0 |
909 |     123 |     834 |     841 |       0 |       0 |       0 |       0 |       0 |
910 |     123 |     834 |     841 |       0 |       0 |       0 |       0 |       0 |
911 |     123 |     834 |     841 |       0 |       0 |       0 |       0 |       0 |
912 |     123 |     834 |     841 |       0 |       0 |       0 |       0 |       0 |
913 |     123 |     834 |     841 |       0 |       0 |       0 |       0 |       0 |
914 |     123 |     834 |     841 |       0 |       0 |       0 |       0 |       0 |
915 |     123 |     834 |     841 |       0 |       0 |       0 |       0 |       0 |
916 |     123 |     834 |     841 |       0 |       0 |       0 |       0 |       0 |
917 |     123 |     834 |     841 |       0 |       0 |       0 |       0 |       0 |
918 |     123 |     834 |     841 |       0 |       0 |       0 |       0 |       0 |
919 |     123 |     834 |     841 |       0 |       0 |       0 |       0 |       0 |
920 |     123 |     834 |     841 |       0 |       0 |       0 |       0 |       0 |
921 |     123 |     834 |     841 |       0 |       0 |       0 |       0 |       0 |
922 |     123 |     834 |     841 |       0 |       0 |       0 |       0 |       0 |
923 |     123 |     834 |     841 |       0 |       0 |       0 |       0 |       0 |
924 |     123 |     834 |     841 |       0 |       0 |       0 |       0 |       0 |
925 |     123 |     834 |     841 |       0 |       0 |       0 |       0 |       0 |
926 |     123 |     834 |     841 |       0 |       0 |       0 |       0 |       0 |
927 |     123 |     834 |     841 |       0 |       0 |       0 |       0 |       0 |
928 |     123 |     834 |     841 |       0 |       0 |       0 |       0 |       0 |
929 |     123 |     834 |     841 |       0 |       0 |       0 |       0 |       0 |
930 |     123 |     834 |     841 |       0 |       0 |       0 |       0 |       0 |
931 |     123 |     834 |     841 |       0 |       0 |       0 |       0 |       0 |
932 |     123 |     834 |     841 |       0 |       0 |       0 |       0 |       0 |
933 |     123 |     834 |     841 |       0 |       0 |       0 |       0 |       0 |
934 |     123 |     834 |     841 |       0 |       0 |       0 |       0 |       0 |
935 |     123 |     834 |     841 |       0 |       0 |       0 |       0 |       0 |
936 |     123 |     834 |     841 |       0 |       0 |       0 |       0 |       0 |
937 |     123 |     834 |     841 |       0 |       0 |       0 |       0 |       0 |
938 |     123 |     834 |     841 |       0 |       0 |       0 |       0 |       0 |
939 |     123 |     834 |     841 |       0 |       0 |       0 |       0 |       0 |
940 |     123 |     834 |     841 |       0 |       0 |       0 |       0 |       0 |
941 |     123 |     834 |     841 |       0 |       0 |       0 |       0 |       0 |
942 |     123 |     834 |     841 |       0 |       0 |       0 |       0 |       0 |
943 |     123 |     834 |     841 |       0 |       0 |       0 |       0 |       0 |
944 |     123 |     834 |     841 |       0 |       0 |       0 |       0 |       0 |
945 |     123 |     834 |     841 |       0 |       0 |       0 |       0 |       0 |
946 |     123 |     834 |     841 |       0 |       0 |       0 |       0 |       0 |
947 |     123 |     834 |     841 |       0 |       0 |       0 |       0 |       0 |
948 |     123 |     834 |     841 |       0 |       0 |       0 |       0 |       0 |
949 |     123 |     834 |     841 |       0 |       0 |       0 |       0 |       0 |
950 |     123 |     834 |     841 |       0 |       0 |       0 |       0 |       0 |
951 |     123 |     834 |     841 |       0 |       0 |       0 |       0 |       0 |
952 |     123 |     834 |     841 |       0 |       0 |       0 |       0 |       0 |
953 |     123 |     834 |     841 |       0 |       0 |       0 |       0 |       0 |
954 |     123 |     834 |     841 |       0 |       0 |       0 |       0 |       0 |
955 |     123 |     834 |     841 |       0 |       0 |       0 |       0 |       0 |
956 |     123 |     834 |     841 |       0 |       0 |       0 |       0 |       0 |
957 |     123 |     834 |     841 |       0 |       0 |       0 |       0 |       0 |
958 |     123 |     834 |     841 |       0 |       0 |       0 |       0 |       0 |
959 |     123 |     834 |     841 |       0 |       0 |       0 |       0 |       0 |
960 |     123 |     834 |     841 |       0 |       0 |       0 |       0 |       0 |
961 |     123 |     834 |     841 |       0 |       0 |       0 |       0 |       0 |
962 |     123 |     834 |     841 |       0 |       0 |       0 |       0 |       0 |
963 |     123 |     834 |     841 |       0 |       0 |       0 |       0 |       0 |
964 |     123 |     834 |     841 |       0 |       0 |       0 |       0 |       0 |
965 |     123 |     834 |     841 |       0 |       0 |       0 |       0 |       0 |
966 |     123 |     834 |     841 |       0 |       0 |       0 |       0 |       0 |
967 |     123 |     834 |     841 |       0 |       0 |       0 |       0 |       0 |
968 |     123 |     834 |     841 |       0 |       0 |       0 |       0 |       0 |
969 |     123 |     834 |     841 |       0 |       0 |       0 |       0 |       0 |
970 |     123 |     834 |     841 |       0 |       0 |       0 |       0 |       0 |
971 |     123 |     834 |     841 |       0 |       0 |       0 |       0 |       0 |
972 |     123 |     834 |     841 |       0 |       0 |       0 |       0 |       0 |
973 |     123 |     834 |     841 |       0 |       0 |       0 |       0 |       0 |
974 |     123 |     834 |     841 |       0 |       0 |       0 |       0 |       0 |
975 |     123 |     834 |     841 |       0 |       0 |       0 |       0 |       0 |
976 |     123 |     834 |     841 |       0 |       0 |       0 |       0 |       0 |
977 |     123 |     834 |     841 |       0 |       0 |       0 |       0 |       0 |
978 |     123 |     834 |     841 |       0 |       0 |       0 |       0 |       0 |
979 |     123 |     834 |     841 |       0 |       0 |       0 |       0 |       0 |
980 |     123 |     834 |     841 |       0 |       0 |       0 |       0 |       0 |
981 |     123 |     834 |     841 |       0 |       0 |       0 |       0 |       0 |
982 |     123 |     834 |     841 |       0 |       0 |       0 |       0 |       0 |
983 |     123 |     834 |     841 |       0 |       0 |       0 |       0 |       0 |
984 |     123 |     834 |     841 |       0 |       0 |       0 |       0 |       0 |
985 |     123 |     834 |     841 |       0 |       0 |       0 |       0 |       0 |
986 |     123 |     834 |     841 |       0 |       0 |       0 |       0 |       0 |
987 |     123 |     834 |     841 |       0 |       0 |       0 |       0 |       0 |
988 |     123 |     834 |     841 |       0 |       0 |       0 |       0 |       0 |
989 |     123 |     834 |     841 |       0 |       0 |       0 |       0 |       0 |
990 |     123 |     834 |     841 |       0 |       0 |       0 |       0 |       0 |
991 |     123 |     834 |     841 |       0 |       0 |       0 |       0 |       0 |
992 |     123 |     834 |     841 |       0 |       0 |       0 |       0 |       0 |
993 |     123 |     834 |     841 |       0 |       0 |       0 |       0 |       0 |
994 |     123 |     834 |     841 |       0 |       0 |       0 |       0 |       0 |
995 |     123 |     834 |     841 |       0 |       0 |       0 |       0 |       0 |
996 |     123 |     834 |     841 |       0 |       0 |       0 |       0 |       0 |
997 |     123 |     834 |     841 |       0 |       0 |       0 |       0 |       0 |
998 |     123 |     834 |     841 |       0 |       0 |       0 |       0 |       0 |
999 |     123 |     834 |     841 |       0 |       0 |       0 |       0 |       0 |
1000 |     123 |     834 |     841 |       0 |       0 |       0 |       0 |       0 |
1001 |     123 |     834 |     841 |       0 |       0 |       0 |       0 |       0 |
1002 |     123 |     834 |     841 |       0 |       0 |       0 |       0 |       0 |
1003 |     123 |     834 |     841 |       0 |       0 |       0 |       0 |       0 |
1004 |     123 |     834 |     841 |       0 |       0 |       0 |       0 |       0 |
1005 |     123 |     834 |     841 |       0 |       0 |       0 |       0 |       0 |
1006 |     123 |     834 |     841 |       0 |       0 |       0 |       0 |       0 |
1007 |     123 |     834 |     841 |       0 |       0 |       0 |       0 |       0 |
1008 |     123 |     834 |     841 |       0 |       0 |       0 |       0 |       0 |
1009 |     123 |     834 |     841 |       0 |       0 |       0 |       0 |       0 |
1010 |     123 |     834 |     841 |       0 |       0 |       0 |       0 |       0 |
1011 |     123 |     834 |     841 |       0 |       0 |       0 |       0 |       0 |
1012 |     123 |     834 |     841 |       0 |       0 |       0 |       0 |       0 |
1013 |     123 |     834 |     841 |       0 |       0 |       0 |       0 |       0 |
1014 |     123 |     834 |     841 |       0 |       0 |       0 |       0 |       0 |
1015 |     123 |     834 |     841 |       0 |       0 |       0 |       0 |       0 |
1016 |     123 |     834 |     841 |       0 |       0 |       0 |       0 |       0 |
1017 |     123 |     834 |     841 |       0 |       0 |       0 |       0 |       0 |
1018 |     123 |     834 |     841 |       0 |       0 |       0 |       0 |       0 |
1019 |     123 |     834 |     841 |       0 |       0 |       0 |       0 |       0 |
1020 |     123 |     834 |     841 |       0 |       0 |       0 |       0 |       0 |
1021 |     123 |     834 |     841 |       0 |       0 |       0 |       0 |       0 |
1022 |     123 |     834 |     841 |       0 |       0 |       0 |       0 |       0 |
1023 |     123 |     834 |     841 |       0 |       0 |       0 |       0 |       0 |
Proving time: 128.936ms
Proof size: 72.15 KiB (73878 bytes)
Valid Proof
 Verification succeeded in 2.799ms
Done. Trace build: 388.480µs | Prove: 128.936ms | Verify: 2.799ms | Proof: 72.15 KiB (73878 bytes)
