	Command being timed: "./starkra /home/rpi/starkra/experiments/experiments/edn/numified_adjlist /home/rpi/starkra/experiments/experiments/edn/numified_path 32 16 0"
	User time (seconds): 0.05
	System time (seconds): 0.00
	Percent of CPU this job got: 237%
	Elapsed (wall clock) time (h:mm:ss or m:ss): 0:00.02
	Average shared text size (kbytes): 0
	Average unshared data size (kbytes): 0
	Average stack size (kbytes): 0
	Average total size (kbytes): 0
	Maximum resident set size (kbytes): 6400
	Average resident set size (kbytes): 0
	Major (requiring I/O) page faults: 0
	Minor (reclaiming a frame) page faults: 1261
	Voluntary context switches: 186
	Involuntary context switches: 117
	Swaps: 0
	File system inputs: 0
	File system outputs: 88
	Socket messages sent: 0
	Socket messages received: 0
	Signals delivered: 0
	Page size (bytes): 4096
	Exit status: 0
