	Command being timed: "./starkra /home/rpi/starkra/experiments/experiments/edn/numified_adjlist /home/rpi/starkra/experiments/experiments/edn/numified_path 64 128 0"
	User time (seconds): 0.34
	System time (seconds): 0.08
	Percent of CPU this job got: 310%
	Elapsed (wall clock) time (h:mm:ss or m:ss): 0:00.13
	Average shared text size (kbytes): 0
	Average unshared data size (kbytes): 0
	Average stack size (kbytes): 0
	Average total size (kbytes): 0
	Maximum resident set size (kbytes): 28260
	Average resident set size (kbytes): 0
	Major (requiring I/O) page faults: 0
	Minor (reclaiming a frame) page faults: 8668
	Voluntary context switches: 280
	Involuntary context switches: 146
	Swaps: 0
	File system inputs: 0
	File system outputs: 88
	Socket messages sent: 0
	Socket messages received: 0
	Signals delivered: 0
	Page size (bytes): 4096
	Exit status: 0
