num_queries = 64
blowup_factor = 128
grinding_factor = 0
Trace built in 56.666µs
row |   nonce | current |   stack |    nei0 |    nei1 |    nei2 |    nei3 |    nei4 |    nei5 |    nei6 |    nei7 |   valid |     ret |    call |
----+---------+---------+---------+---------+---------+---------+---------+---------+---------+---------+---------+---------+---------+---------+
  0 |     123 |       0 |       0 |       1 |       0 |       0 |       0 |       0 |       0 |       0 |       0 |       1 |       0 |       0 |
  1 |     123 |       1 |     126 |       5 |       0 |       0 |       0 |       0 |       0 |       0 |       0 |       1 |       0 |       1 |
  2 |     123 |       5 |     146 |       6 |       7 |       0 |       0 |       0 |       0 |       0 |       0 |       1 |       0 |       1 |
  3 |     123 |       6 |       7 |       7 |       0 |       0 |       0 |       0 |       0 |       0 |       0 |       1 |       0 |       1 |
  4 |     123 |       7 |     146 |      24 |      86 |       0 |       0 |       0 |       0 |       0 |       0 |       1 |       1 |       0 |
  5 |     123 |      24 |      86 |      25 |      23 |       0 |       0 |       0 |       0 |       0 |       0 |       1 |       0 |       1 |
  6 |     123 |      23 |      25 |     113 |     114 |       0 |       0 |       0 |       0 |       0 |       0 |       1 |       0 |       1 |
  7 |     123 |     114 |      25 |      68 |       0 |       0 |       0 |       0 |       0 |       0 |       0 |       1 |       0 |       0 |
  8 |     123 |      68 |      25 |      66 |      68 |       0 |       0 |       0 |       0 |       0 |       0 |       1 |       0 |       0 |
  9 |     123 |      66 |      25 |      41 |      67 |       0 |       0 |       0 |       0 |       0 |       0 |       1 |       0 |       0 |
 10 |     123 |      41 |      67 |      42 |      43 |       0 |       0 |       0 |       0 |       0 |       0 |       1 |       0 |       1 |
 11 |     123 |      41 |      67 |       0 |       0 |       0 |       0 |       0 |       0 |       0 |       0 |       0 |       0 |       0 |
 12 |     123 |      41 |      67 |       0 |       0 |       0 |       0 |       0 |       0 |       0 |       0 |       0 |       0 |       0 |
 13 |     123 |      41 |      67 |       0 |       0 |       0 |       0 |       0 |       0 |       0 |       0 |       0 |       0 |       0 |
 14 |     123 |      41 |      67 |       0 |       0 |       0 |       0 |       0 |       0 |       0 |       0 |       0 |       0 |       0 |
 15 |     123 |      41 |      67 |       0 |       0 |       0 |       0 |       0 |       0 |       0 |       0 |       0 |       0 |       0 |
Proving time: 11.720ms
Proof size: 37.52 KiB (38421 bytes)
Valid Proof
 Verification succeeded in 1.048ms
Done. Trace build: 56.666µs | Prove: 11.720ms | Verify: 1.048ms | Proof: 37.52 KiB (38421 bytes)
