num_queries = 32
blowup_factor = 16
grinding_factor = 0
Trace built in 87.573µs
row |   nonce | current |   stack |    nei0 |    nei1 |    nei2 |   valid |     ret |    call |
----+---------+---------+---------+---------+---------+---------+---------+---------+---------+
  0 |     123 |       0 |       0 |       1 |       0 |       0 |       1 |       0 |       0 |
  1 |     123 |       1 |     119 |       5 |       0 |       0 |       1 |       0 |       1 |
  2 |     123 |       5 |     111 |       6 |       7 |       0 |       1 |       0 |       1 |
  3 |     123 |       6 |       7 |       7 |       0 |       0 |       1 |       0 |       1 |
  4 |     123 |       7 |     111 |      36 |     100 |       0 |       1 |       1 |       0 |
  5 |     123 |      36 |     100 |      37 |      35 |       0 |       1 |       0 |       1 |
  6 |     123 |      35 |      37 |      98 |      99 |       0 |       1 |       0 |       1 |
  7 |     123 |      99 |      37 |      76 |      78 |       0 |       1 |       0 |       0 |
  8 |     123 |      78 |      37 |      64 |      77 |      74 |       1 |       0 |       0 |
  9 |     123 |      77 |      37 |      63 |      78 |       0 |       1 |       0 |       0 |
 10 |     123 |      63 |      37 |      64 |       0 |       0 |       1 |       0 |       0 |
 11 |     123 |      64 |      37 |      74 |      77 |       0 |       1 |       0 |       0 |
 12 |     123 |      74 |      37 |      75 |      76 |       0 |       1 |       0 |       0 |
 13 |     123 |      76 |      37 |      77 |      63 |       0 |       1 |       0 |       0 |
 14 |     123 |      63 |      37 |      64 |       0 |       0 |       1 |       0 |       0 |
 15 |     123 |      64 |      37 |      74 |      77 |       0 |       1 |       0 |       0 |
 16 |     123 |      77 |      37 |      63 |      78 |       0 |       1 |       0 |       0 |
 17 |     123 |      78 |      37 |      64 |      77 |      74 |       1 |       0 |       0 |
 18 |     123 |      77 |      37 |      63 |      78 |       0 |       1 |       0 |       0 |
 19 |     123 |      63 |      37 |      64 |       0 |       0 |       1 |       0 |       0 |
 20 |     123 |      64 |      37 |      74 |      77 |       0 |       1 |       0 |       0 |
 21 |     123 |      74 |      37 |      75 |      76 |       0 |       1 |       0 |       0 |
 22 |     123 |      76 |      37 |      77 |      63 |       0 |       1 |       0 |       0 |
 23 |     123 |      63 |      37 |      64 |       0 |       0 |       1 |       0 |       0 |
 24 |     123 |      64 |      37 |      74 |      77 |       0 |       1 |       0 |       0 |
 25 |     123 |      77 |      37 |      63 |      78 |       0 |       1 |       0 |       0 |
 26 |     123 |      78 |      37 |      64 |      77 |      74 |       1 |       0 |       0 |
 27 |     123 |      77 |      37 |      63 |      78 |       0 |       1 |       0 |       0 |
 28 |     123 |      63 |      37 |      64 |       0 |       0 |       1 |       0 |       0 |
 29 |     123 |      64 |      37 |      74 |      77 |       0 |       1 |       0 |       0 |
 30 |     123 |      74 |      37 |      75 |      76 |       0 |       1 |       0 |       0 |
 31 |     123 |      76 |      37 |      77 |      63 |       0 |       1 |       0 |       0 |
 32 |     123 |      63 |      37 |      64 |       0 |       0 |       1 |       0 |       0 |
 33 |     123 |      64 |      37 |      74 |      77 |       0 |       1 |       0 |       0 |
 34 |     123 |      77 |      37 |      63 |      78 |       0 |       1 |       0 |       0 |
 35 |     123 |      63 |      37 |      64 |       0 |       0 |       1 |       0 |       0 |
 36 |     123 |      64 |      37 |      74 |      77 |       0 |       1 |       0 |       0 |
 37 |     123 |      77 |      37 |      63 |      78 |       0 |       1 |       0 |       0 |
 38 |     123 |      78 |      37 |      64 |      77 |      74 |       1 |       0 |       0 |
 39 |     123 |      77 |      37 |      63 |      78 |       0 |       1 |       0 |       0 |
 40 |     123 |      63 |      37 |      64 |       0 |       0 |       1 |       0 |       0 |
 41 |     123 |      64 |      37 |      74 |      77 |       0 |       1 |       0 |       0 |
 42 |     123 |      74 |      37 |      75 |      76 |       0 |       1 |       0 |       0 |
 43 |     123 |      76 |      37 |      77 |      63 |       0 |       1 |       0 |       0 |
 44 |     123 |      63 |      37 |      64 |       0 |       0 |       1 |       0 |       0 |
 45 |     123 |      64 |      37 |      74 |      77 |       0 |       1 |       0 |       0 |
 46 |     123 |      77 |      37 |      63 |      78 |       0 |       1 |       0 |       0 |
 47 |     123 |      63 |      37 |      64 |       0 |       0 |       1 |       0 |       0 |
 48 |     123 |      64 |      37 |      74 |      77 |       0 |       1 |       0 |       0 |
 49 |     123 |      77 |      37 |      63 |      78 |       0 |       1 |       0 |       0 |
 50 |     123 |      78 |      37 |      64 |      77 |      74 |       1 |       0 |       0 |
 51 |     123 |      77 |      37 |      63 |      78 |       0 |       1 |       0 |       0 |
 52 |     123 |      63 |      37 |      64 |       0 |       0 |       1 |       0 |       0 |
 53 |     123 |      64 |      37 |      74 |      77 |       0 |       1 |       0 |       0 |
 54 |     123 |      74 |      37 |      75 |      76 |       0 |       1 |       0 |       0 |
 55 |     123 |      76 |      37 |      77 |      63 |       0 |       1 |       0 |       0 |
 56 |     123 |      63 |      37 |      64 |       0 |       0 |       1 |       0 |       0 |
 57 |     123 |      64 |      37 |      74 |      77 |       0 |       1 |       0 |       0 |
 58 |     123 |      77 |      37 |      63 |      78 |       0 |       1 |       0 |       0 |
 59 |     123 |      78 |      37 |      64 |      77 |      74 |       1 |       0 |       0 |
 60 |     123 |      74 |      37 |      75 |      76 |       0 |       1 |       0 |       0 |
 61 |     123 |      75 |      37 |      79 |      94 |       0 |       1 |       0 |       0 |
 62 |     123 |      94 |      79 |      72 |      91 |       0 |       1 |       0 |       1 |
 63 |     123 |      91 |      79 |      73 |      60 |       0 |       1 |       0 |       0 |
 64 |     123 |      60 |      79 |      61 |      62 |       0 |       1 |       0 |       0 |
 65 |     123 |      61 |      79 |      73 |       0 |       0 |       1 |       0 |       0 |
 66 |     123 |      73 |      79 |      60 |      92 |       0 |       1 |       0 |       0 |
 67 |     123 |      92 |      79 |      88 |      97 |       0 |       1 |       0 |       0 |
 68 |     123 |      97 |      79 |      89 |      87 |       0 |       1 |       0 |       0 |
 69 |     123 |      87 |      79 |      88 |       0 |       0 |       1 |       0 |       0 |
 70 |     123 |      88 |      79 |      71 |      97 |       0 |       1 |       0 |       0 |
 71 |     123 |      71 |      79 |      72 |       0 |       0 |       1 |       0 |       0 |
 72 |     123 |      72 |      79 |      90 |      91 |       0 |       1 |       0 |       0 |
 73 |     123 |      91 |      79 |      73 |      60 |       0 |       1 |       0 |       0 |
 74 |     123 |      60 |      79 |      61 |      62 |       0 |       1 |       0 |       0 |
 75 |     123 |      62 |      79 |      93 |      61 |       0 |       1 |       0 |       0 |
 76 |     123 |      61 |      79 |      73 |       0 |       0 |       1 |       0 |       0 |
 77 |     123 |      73 |      79 |      60 |      92 |       0 |       1 |       0 |       0 |
 78 |     123 |      92 |      79 |      88 |      97 |       0 |       1 |       0 |       0 |
 79 |     123 |      97 |      79 |      89 |      87 |       0 |       1 |       0 |       0 |
 80 |     123 |      89 |      79 |      87 |      89 |       0 |       1 |       0 |       0 |
 81 |     123 |      87 |      79 |      88 |       0 |       0 |       1 |       0 |       0 |
 82 |     123 |      88 |      79 |      71 |      97 |       0 |       1 |       0 |       0 |
 83 |     123 |      71 |      79 |      72 |       0 |       0 |       1 |       0 |       0 |
 84 |     123 |      72 |      79 |      90 |      91 |       0 |       1 |       0 |       0 |
 85 |     123 |      91 |      79 |      73 |      60 |       0 |       1 |       0 |       0 |
 86 |     123 |      60 |      79 |      61 |      62 |       0 |       1 |       0 |       0 |
 87 |     123 |      62 |      79 |      93 |      61 |       0 |       1 |       0 |       0 |
 88 |     123 |      93 |      79 |      61 |      93 |       0 |       1 |       0 |       0 |
 89 |     123 |      61 |      79 |      73 |       0 |       0 |       1 |       0 |       0 |
 90 |     123 |      73 |      79 |      60 |      92 |       0 |       1 |       0 |       0 |
 91 |     123 |      92 |      79 |      88 |      97 |       0 |       1 |       0 |       0 |
 92 |     123 |      97 |      79 |      89 |      87 |       0 |       1 |       0 |       0 |
 93 |     123 |      89 |      79 |      87 |      89 |       0 |       1 |       0 |       0 |
 94 |     123 |      89 |      79 |      87 |      89 |       0 |       1 |       0 |       0 |
 95 |     123 |      87 |      79 |      88 |       0 |       0 |       1 |       0 |       0 |
 96 |     123 |      88 |      79 |      71 |      97 |       0 |       1 |       0 |       0 |
 97 |     123 |      71 |      79 |      72 |       0 |       0 |       1 |       0 |       0 |
 98 |     123 |      72 |      79 |      90 |      91 |       0 |       1 |       0 |       0 |
 99 |     123 |      91 |      79 |      73 |      60 |       0 |       1 |       0 |       0 |
100 |     123 |      60 |      79 |      61 |      62 |       0 |       1 |       0 |       0 |
101 |     123 |      62 |      79 |      93 |      61 |       0 |       1 |       0 |       0 |
102 |     123 |      93 |      79 |      61 |      93 |       0 |       1 |       0 |       0 |
103 |     123 |      93 |      79 |      61 |      93 |       0 |       1 |       0 |       0 |
104 |     123 |      61 |      79 |      73 |       0 |       0 |       1 |       0 |       0 |
105 |     123 |      73 |      79 |      60 |      92 |       0 |       1 |       0 |       0 |
106 |     123 |      92 |      79 |      88 |      97 |       0 |       1 |       0 |       0 |
107 |     123 |      97 |      79 |      89 |      87 |       0 |       1 |       0 |       0 |
108 |     123 |      89 |      79 |      87 |      89 |       0 |       1 |       0 |       0 |
109 |     123 |      89 |      79 |      87 |      89 |       0 |       1 |       0 |       0 |
110 |     123 |      89 |      79 |      87 |      89 |       0 |       1 |       0 |       0 |
111 |     123 |      87 |      79 |      88 |       0 |       0 |       1 |       0 |       0 |
112 |     123 |      88 |      79 |      71 |      97 |       0 |       1 |       0 |       0 |
113 |     123 |      71 |      79 |      72 |       0 |       0 |       1 |       0 |       0 |
114 |     123 |      72 |      79 |      90 |      91 |       0 |       1 |       0 |       0 |
115 |     123 |      91 |      79 |      73 |      60 |       0 |       1 |       0 |       0 |
116 |     123 |      60 |      79 |      61 |      62 |       0 |       1 |       0 |       0 |
117 |     123 |      62 |      79 |      93 |      61 |       0 |       1 |       0 |       0 |
118 |     123 |      93 |      79 |      61 |      93 |       0 |       1 |       0 |       0 |
119 |     123 |      61 |      79 |      73 |       0 |       0 |       1 |       0 |       0 |
120 |     123 |      73 |      79 |      60 |      92 |       0 |       1 |       0 |       0 |
121 |     123 |      92 |      79 |      88 |      97 |       0 |       1 |       0 |       0 |
122 |     123 |      97 |      79 |      89 |      87 |       0 |       1 |       0 |       0 |
123 |     123 |      89 |      79 |      87 |      89 |       0 |       1 |       0 |       0 |
124 |     123 |      87 |      79 |      88 |       0 |       0 |       1 |       0 |       0 |
125 |     123 |      88 |      79 |      71 |      97 |       0 |       1 |       0 |       0 |
126 |     123 |      71 |      79 |      72 |       0 |       0 |       1 |       0 |       0 |
127 |     123 |      72 |      79 |      90 |      91 |       0 |       1 |       0 |       0 |
128 |     123 |      90 |      79 |      69 |      86 |       0 |       1 |       0 |       0 |
129 |     123 |      86 |      79 |      70 |      68 |       0 |       1 |       0 |       0 |
130 |     123 |      68 |      79 |      69 |       0 |       0 |       1 |       0 |       0 |
131 |     123 |      69 |      79 |      85 |      86 |       0 |       1 |       0 |       0 |
132 |     123 |      86 |      79 |      70 |      68 |       0 |       1 |       0 |       0 |
133 |     123 |      70 |      79 |      68 |      70 |       0 |       1 |       0 |       0 |
134 |     123 |      68 |      79 |      69 |       0 |       0 |       1 |       0 |       0 |
135 |     123 |      69 |      79 |      85 |      86 |       0 |       1 |       0 |       0 |
136 |     123 |      86 |      79 |      70 |      68 |       0 |       1 |       0 |       0 |
137 |     123 |      70 |      79 |      68 |      70 |       0 |       1 |       0 |       0 |
138 |     123 |      70 |      79 |      68 |      70 |       0 |       1 |       0 |       0 |
139 |     123 |      68 |      79 |      69 |       0 |       0 |       1 |       0 |       0 |
140 |     123 |      69 |      79 |      85 |      86 |       0 |       1 |       0 |       0 |
141 |     123 |      85 |      79 |      82 |      96 |       0 |       1 |       0 |       0 |
142 |     123 |      96 |      79 |      84 |      83 |       0 |       1 |       0 |       0 |
143 |     123 |      83 |      79 |      84 |       0 |       0 |       1 |       0 |       0 |
144 |     123 |      84 |      79 |      81 |      83 |       0 |       1 |       0 |       0 |
145 |     123 |      81 |      79 |      82 |       0 |       0 |       1 |       0 |       0 |
146 |     123 |      82 |      79 |      65 |      96 |       0 |       1 |       0 |       0 |
147 |     123 |      96 |      79 |      84 |      83 |       0 |       1 |       0 |       0 |
148 |     123 |      83 |      79 |      84 |       0 |       0 |       1 |       0 |       0 |
149 |     123 |      84 |      79 |      81 |      83 |       0 |       1 |       0 |       0 |
150 |     123 |      83 |      79 |      84 |       0 |       0 |       1 |       0 |       0 |
151 |     123 |      84 |      79 |      81 |      83 |       0 |       1 |       0 |       0 |
152 |     123 |      81 |      79 |      82 |       0 |       0 |       1 |       0 |       0 |
153 |     123 |      82 |      79 |      65 |      96 |       0 |       1 |       0 |       0 |
154 |     123 |      96 |      79 |      84 |      83 |       0 |       1 |       0 |       0 |
155 |     123 |      83 |      79 |      84 |       0 |       0 |       1 |       0 |       0 |
156 |     123 |      84 |      79 |      81 |      83 |       0 |       1 |       0 |       0 |
157 |     123 |      83 |      79 |      84 |       0 |       0 |       1 |       0 |       0 |
158 |     123 |      84 |      79 |      81 |      83 |       0 |       1 |       0 |       0 |
159 |     123 |      81 |      79 |      82 |       0 |       0 |       1 |       0 |       0 |
160 |     123 |      82 |      79 |      65 |      96 |       0 |       1 |       0 |       0 |
161 |     123 |      96 |      79 |      84 |      83 |       0 |       1 |       0 |       0 |
162 |     123 |      83 |      79 |      84 |       0 |       0 |       1 |       0 |       0 |
163 |     123 |      84 |      79 |      81 |      83 |       0 |       1 |       0 |       0 |
164 |     123 |      83 |      79 |      84 |       0 |       0 |       1 |       0 |       0 |
165 |     123 |      84 |      79 |      81 |      83 |       0 |       1 |       0 |       0 |
166 |     123 |      83 |      79 |      84 |       0 |       0 |       1 |       0 |       0 |
167 |     123 |      84 |      79 |      81 |      83 |       0 |       1 |       0 |       0 |
168 |     123 |      81 |      79 |      82 |       0 |       0 |       1 |       0 |       0 |
169 |     123 |      82 |      79 |      65 |      96 |       0 |       1 |       0 |       0 |
170 |     123 |      65 |      79 |      66 |      67 |       0 |       1 |       0 |       0 |
171 |     123 |      66 |      79 |      79 |       0 |       0 |       1 |       0 |       0 |
172 |     123 |      79 |      37 |      98 |       0 |       0 |       1 |       1 |       0 |
173 |     123 |      98 |      37 |      54 |      99 |       0 |       1 |       0 |       0 |
174 |     123 |      54 |      37 |      37 |      34 |       0 |       1 |       0 |       0 |
175 |     123 |      37 |     100 |     100 |       0 |       0 |       1 |       1 |       0 |
176 |     123 |     100 |     111 |     107 |     108 |       0 |       1 |       1 |       0 |
177 |     123 |     108 |     107 |      53 |       0 |       0 |       1 |       0 |       1 |
178 |     123 |      53 |     107 |      50 |      53 |       0 |       1 |       0 |       0 |
179 |     123 |      50 |     107 |      51 |      52 |       0 |       1 |       0 |       0 |
180 |     123 |      51 |      52 |      59 |       0 |       0 |       1 |       0 |       1 |
181 |     123 |      59 |      52 |      52 |       0 |       0 |       1 |       0 |       0 |
182 |     123 |      52 |     107 |     109 |     110 |       0 |       1 |       1 |       0 |
183 |     123 |     109 |     107 |     107 |       0 |       0 |       1 |       0 |       0 |
184 |     123 |     107 |     111 |     111 |       0 |       0 |       1 |       1 |       0 |
185 |     123 |     111 |     119 |       0 |       0 |       0 |       1 |       1 |       0 |
186 |     123 |     111 |     119 |       0 |       0 |       0 |       0 |       0 |       0 |
187 |     123 |     111 |     119 |       0 |       0 |       0 |       0 |       0 |       0 |
188 |     123 |     111 |     119 |       0 |       0 |       0 |       0 |       0 |       0 |
189 |     123 |     111 |     119 |       0 |       0 |       0 |       0 |       0 |       0 |
190 |     123 |     111 |     119 |       0 |       0 |       0 |       0 |       0 |       0 |
191 |     123 |     111 |     119 |       0 |       0 |       0 |       0 |       0 |       0 |
192 |     123 |     111 |     119 |       0 |       0 |       0 |       0 |       0 |       0 |
193 |     123 |     111 |     119 |       0 |       0 |       0 |       0 |       0 |       0 |
194 |     123 |     111 |     119 |       0 |       0 |       0 |       0 |       0 |       0 |
195 |     123 |     111 |     119 |       0 |       0 |       0 |       0 |       0 |       0 |
196 |     123 |     111 |     119 |       0 |       0 |       0 |       0 |       0 |       0 |
197 |     123 |     111 |     119 |       0 |       0 |       0 |       0 |       0 |       0 |
198 |     123 |     111 |     119 |       0 |       0 |       0 |       0 |       0 |       0 |
199 |     123 |     111 |     119 |       0 |       0 |       0 |       0 |       0 |       0 |
200 |     123 |     111 |     119 |       0 |       0 |       0 |       0 |       0 |       0 |
201 |     123 |     111 |     119 |       0 |       0 |       0 |       0 |       0 |       0 |
202 |     123 |     111 |     119 |       0 |       0 |       0 |       0 |       0 |       0 |
203 |     123 |     111 |     119 |       0 |       0 |       0 |       0 |       0 |       0 |
204 |     123 |     111 |     119 |       0 |       0 |       0 |       0 |       0 |       0 |
205 |     123 |     111 |     119 |       0 |       0 |       0 |       0 |       0 |       0 |
206 |     123 |     111 |     119 |       0 |       0 |       0 |       0 |       0 |       0 |
207 |     123 |     111 |     119 |       0 |       0 |       0 |       0 |       0 |       0 |
208 |     123 |     111 |     119 |       0 |       0 |       0 |       0 |       0 |       0 |
209 |     123 |     111 |     119 |       0 |       0 |       0 |       0 |       0 |       0 |
210 |     123 |     111 |     119 |       0 |       0 |       0 |       0 |       0 |       0 |
211 |     123 |     111 |     119 |       0 |       0 |       0 |       0 |       0 |       0 |
212 |     123 |     111 |     119 |       0 |       0 |       0 |       0 |       0 |       0 |
213 |     123 |     111 |     119 |       0 |       0 |       0 |       0 |       0 |       0 |
214 |     123 |     111 |     119 |       0 |       0 |       0 |       0 |       0 |       0 |
215 |     123 |     111 |     119 |       0 |       0 |       0 |       0 |       0 |       0 |
216 |     123 |     111 |     119 |       0 |       0 |       0 |       0 |       0 |       0 |
217 |     123 |     111 |     119 |       0 |       0 |       0 |       0 |       0 |       0 |
218 |     123 |     111 |     119 |       0 |       0 |       0 |       0 |       0 |       0 |
219 |     123 |     111 |     119 |       0 |       0 |       0 |       0 |       0 |       0 |
220 |     123 |     111 |     119 |       0 |       0 |       0 |       0 |       0 |       0 |
221 |     123 |     111 |     119 |       0 |       0 |       0 |       0 |       0 |       0 |
222 |     123 |     111 |     119 |       0 |       0 |       0 |       0 |       0 |       0 |
223 |     123 |     111 |     119 |       0 |       0 |       0 |       0 |       0 |       0 |
224 |     123 |     111 |     119 |       0 |       0 |       0 |       0 |       0 |       0 |
225 |     123 |     111 |     119 |       0 |       0 |       0 |       0 |       0 |       0 |
226 |     123 |     111 |     119 |       0 |       0 |       0 |       0 |       0 |       0 |
227 |     123 |     111 |     119 |       0 |       0 |       0 |       0 |       0 |       0 |
228 |     123 |     111 |     119 |       0 |       0 |       0 |       0 |       0 |       0 |
229 |     123 |     111 |     119 |       0 |       0 |       0 |       0 |       0 |       0 |
230 |     123 |     111 |     119 |       0 |       0 |       0 |       0 |       0 |       0 |
231 |     123 |     111 |     119 |       0 |       0 |       0 |       0 |       0 |       0 |
232 |     123 |     111 |     119 |       0 |       0 |       0 |       0 |       0 |       0 |
233 |     123 |     111 |     119 |       0 |       0 |       0 |       0 |       0 |       0 |
234 |     123 |     111 |     119 |       0 |       0 |       0 |       0 |       0 |       0 |
235 |     123 |     111 |     119 |       0 |       0 |       0 |       0 |       0 |       0 |
236 |     123 |     111 |     119 |       0 |       0 |       0 |       0 |       0 |       0 |
237 |     123 |     111 |     119 |       0 |       0 |       0 |       0 |       0 |       0 |
238 |     123 |     111 |     119 |       0 |       0 |       0 |       0 |       0 |       0 |
239 |     123 |     111 |     119 |       0 |       0 |       0 |       0 |       0 |       0 |
240 |     123 |     111 |     119 |       0 |       0 |       0 |       0 |       0 |       0 |
241 |     123 |     111 |     119 |       0 |       0 |       0 |       0 |       0 |       0 |
242 |     123 |     111 |     119 |       0 |       0 |       0 |       0 |       0 |       0 |
243 |     123 |     111 |     119 |       0 |       0 |       0 |       0 |       0 |       0 |
244 |     123 |     111 |     119 |       0 |       0 |       0 |       0 |       0 |       0 |
245 |     123 |     111 |     119 |       0 |       0 |       0 |       0 |       0 |       0 |
246 |     123 |     111 |     119 |       0 |       0 |       0 |       0 |       0 |       0 |
247 |     123 |     111 |     119 |       0 |       0 |       0 |       0 |       0 |       0 |
248 |     123 |     111 |     119 |       0 |       0 |       0 |       0 |       0 |       0 |
249 |     123 |     111 |     119 |       0 |       0 |       0 |       0 |       0 |       0 |
250 |     123 |     111 |     119 |       0 |       0 |       0 |       0 |       0 |       0 |
251 |     123 |     111 |     119 |       0 |       0 |       0 |       0 |       0 |       0 |
252 |     123 |     111 |     119 |       0 |       0 |       0 |       0 |       0 |       0 |
253 |     123 |     111 |     119 |       0 |       0 |       0 |       0 |       0 |       0 |
254 |     123 |     111 |     119 |       0 |       0 |       0 |       0 |       0 |       0 |
255 |     123 |     111 |     119 |       0 |       0 |       0 |       0 |       0 |       0 |
Proving time: 11.404ms
Proof size: 24.64 KiB (25227 bytes)
Failed to verify proof
 Verification succeeded in 5.278µs
Done. Trace build: 87.573µs | Prove: 11.404ms | Verify: 5.278µs | Proof: 24.64 KiB (25227 bytes)
