num_queries = 32
blowup_factor = 16
grinding_factor = 0
Trace built in 49.259µs
row |   nonce | current |   stack |    nei0 |    nei1 |   valid |     ret |    call |
----+---------+---------+---------+---------+---------+---------+---------+---------+
  0 |     123 |       0 |       0 |       1 |       0 |       1 |       0 |       0 |
  1 |     123 |       1 |      78 |       5 |       0 |       1 |       0 |       1 |
  2 |     123 |       5 |      72 |       6 |       7 |       1 |       0 |       1 |
  3 |     123 |       6 |       7 |       7 |       0 |       1 |       0 |       1 |
  4 |     123 |       7 |      72 |      38 |      62 |       1 |       1 |       0 |
  5 |     123 |      38 |      62 |      39 |      37 |       1 |       0 |       1 |
  6 |     123 |      37 |      39 |      65 |      54 |       1 |       0 |       1 |
  7 |     123 |      54 |      39 |      20 |      21 |       1 |       0 |       0 |
  8 |     123 |      20 |      21 |      21 |       0 |       1 |       0 |       1 |
  9 |     123 |      21 |      39 |      60 |      61 |       1 |       1 |       0 |
 10 |     123 |      61 |      60 |      64 |      18 |       1 |       0 |       1 |
 11 |     123 |      18 |      19 |      19 |       0 |       1 |       0 |       1 |
 12 |     123 |      19 |      60 |      63 |      64 |       1 |       1 |       0 |
 13 |     123 |      64 |      60 |      18 |      19 |       1 |       0 |       0 |
 14 |     123 |      18 |      19 |      19 |       0 |       1 |       0 |       1 |
 15 |     123 |      19 |      60 |      63 |      64 |       1 |       1 |       0 |
 16 |     123 |      63 |      60 |      60 |       0 |       1 |       0 |       0 |
 17 |     123 |      60 |      39 |      65 |       0 |       1 |       1 |       0 |
 18 |     123 |      65 |      39 |      54 |      55 |       1 |       0 |       0 |
 19 |     123 |      55 |      39 |      36 |      39 |       1 |       0 |       0 |
 20 |     123 |      39 |      62 |      62 |       0 |       1 |       1 |       0 |
 21 |     123 |      62 |      72 |      40 |      41 |       1 |       1 |       0 |
 22 |     123 |      40 |      41 |      41 |       0 |       1 |       0 |       1 |
 23 |     123 |      41 |      72 |      72 |       0 |       1 |       1 |       0 |
 24 |     123 |      72 |      78 |       0 |       0 |       1 |       1 |       0 |
 25 |     123 |      72 |      78 |       0 |       0 |       0 |       0 |       0 |
 26 |     123 |      72 |      78 |       0 |       0 |       0 |       0 |       0 |
 27 |     123 |      72 |      78 |       0 |       0 |       0 |       0 |       0 |
 28 |     123 |      72 |      78 |       0 |       0 |       0 |       0 |       0 |
 29 |     123 |      72 |      78 |       0 |       0 |       0 |       0 |       0 |
 30 |     123 |      72 |      78 |       0 |       0 |       0 |       0 |       0 |
 31 |     123 |      72 |      78 |       0 |       0 |       0 |       0 |       0 |
Proving time: 3.704ms
Proof size: 12.03 KiB (12321 bytes)
Failed to verify proof
 Verification succeeded in 4.759µs
Done. Trace build: 49.259µs | Prove: 3.704ms | Verify: 4.759µs | Proof: 12.03 KiB (12321 bytes)
