num_queries = 64
blowup_factor = 128
grinding_factor = 0
Trace built in 115.055µs
row |   nonce | current |   stack |    nei0 |    nei1 |   valid |     ret |    call |
----+---------+---------+---------+---------+---------+---------+---------+---------+
  0 |     123 |       0 |       0 |       1 |       0 |       1 |       0 |       0 |
  1 |     123 |       1 |     138 |       5 |       0 |       1 |       0 |       1 |
  2 |     123 |       5 |     130 |       6 |       7 |       1 |       0 |       1 |
  3 |     123 |       6 |       7 |       7 |       0 |       1 |       0 |       1 |
  4 |     123 |       7 |     130 |      37 |     114 |       1 |       1 |       0 |
  5 |     123 |      37 |     114 |      38 |      36 |       1 |       0 |       1 |
  6 |     123 |      36 |      38 |     112 |     113 |       1 |       0 |       1 |
  7 |     123 |     113 |      38 |      90 |       0 |       1 |       0 |       0 |
  8 |     123 |      90 |      38 |      90 |      91 |       1 |       0 |       0 |
  9 |     123 |      91 |      38 |      96 |       0 |       1 |       0 |       0 |
 10 |     123 |      96 |      38 |      96 |      97 |       1 |       0 |       0 |
 11 |     123 |      97 |      38 |     104 |       0 |       1 |       0 |       0 |
 12 |     123 |     104 |      38 |     102 |     104 |       1 |       0 |       0 |
 13 |     123 |     102 |      38 |      52 |     103 |       1 |       0 |       0 |
 14 |     123 |     103 |      52 |      53 |       0 |       1 |       0 |       1 |
 15 |     123 |      53 |      52 |      51 |      53 |       1 |       0 |       0 |
 16 |     123 |      51 |      52 |      52 |       0 |       1 |       0 |       0 |
 17 |     123 |      52 |      38 |      55 |     106 |       1 |       1 |       0 |
 18 |     123 |     106 |      55 |      56 |       0 |       1 |       0 |       1 |
 19 |     123 |      56 |      55 |      54 |      56 |       1 |       0 |       0 |
 20 |     123 |      54 |      55 |      55 |       0 |       1 |       0 |       0 |
 21 |     123 |      55 |      38 |      86 |     107 |       1 |       1 |       0 |
 22 |     123 |     107 |      86 |      59 |      60 |       1 |       0 |       1 |
 23 |     123 |      60 |      86 |      57 |      60 |       1 |       0 |       0 |
 24 |     123 |      57 |      86 |      58 |      59 |       1 |       0 |       0 |
 25 |     123 |      59 |      86 |      60 |       0 |       1 |       0 |       0 |
 26 |     123 |      60 |      86 |      57 |      60 |       1 |       0 |       0 |
 27 |     123 |      57 |      86 |      58 |      59 |       1 |       0 |       0 |
 28 |     123 |      59 |      86 |      60 |       0 |       1 |       0 |       0 |
 29 |     123 |      60 |      86 |      57 |      60 |       1 |       0 |       0 |
 30 |     123 |      57 |      86 |      58 |      59 |       1 |       0 |       0 |
 31 |     123 |      59 |      86 |      60 |       0 |       1 |       0 |       0 |
 32 |     123 |      60 |      86 |      57 |      60 |       1 |       0 |       0 |
 33 |     123 |      57 |      86 |      58 |      59 |       1 |       0 |       0 |
 34 |     123 |      59 |      86 |      60 |       0 |       1 |       0 |       0 |
 35 |     123 |      60 |      86 |      57 |      60 |       1 |       0 |       0 |
 36 |     123 |      57 |      86 |      58 |      59 |       1 |       0 |       0 |
 37 |     123 |      59 |      86 |      60 |       0 |       1 |       0 |       0 |
 38 |     123 |      60 |      86 |      57 |      60 |       1 |       0 |       0 |
 39 |     123 |      57 |      86 |      58 |      59 |       1 |       0 |       0 |
 40 |     123 |      59 |      86 |      60 |       0 |       1 |       0 |       0 |
 41 |     123 |      60 |      86 |      57 |      60 |       1 |       0 |       0 |
 42 |     123 |      57 |      86 |      58 |      59 |       1 |       0 |       0 |
 43 |     123 |      59 |      86 |      60 |       0 |       1 |       0 |       0 |
 44 |     123 |      60 |      86 |      57 |      60 |       1 |       0 |       0 |
 45 |     123 |      57 |      86 |      58 |      59 |       1 |       0 |       0 |
 46 |     123 |      59 |      86 |      60 |       0 |       1 |       0 |       0 |
 47 |     123 |      60 |      86 |      57 |      60 |       1 |       0 |       0 |
 48 |     123 |      57 |      86 |      58 |      59 |       1 |       0 |       0 |
 49 |     123 |      59 |      86 |      60 |       0 |       1 |       0 |       0 |
 50 |     123 |      60 |      86 |      57 |      60 |       1 |       0 |       0 |
 51 |     123 |      57 |      86 |      58 |      59 |       1 |       0 |       0 |
 52 |     123 |      59 |      86 |      60 |       0 |       1 |       0 |       0 |
 53 |     123 |      60 |      86 |      57 |      60 |       1 |       0 |       0 |
 54 |     123 |      57 |      86 |      58 |      59 |       1 |       0 |       0 |
 55 |     123 |      59 |      86 |      60 |       0 |       1 |       0 |       0 |
 56 |     123 |      60 |      86 |      57 |      60 |       1 |       0 |       0 |
 57 |     123 |      57 |      86 |      58 |      59 |       1 |       0 |       0 |
 58 |     123 |      59 |      86 |      60 |       0 |       1 |       0 |       0 |
 59 |     123 |      60 |      86 |      57 |      60 |       1 |       0 |       0 |
 60 |     123 |      57 |      86 |      58 |      59 |       1 |       0 |       0 |
 61 |     123 |      59 |      86 |      60 |       0 |       1 |       0 |       0 |
 62 |     123 |      60 |      86 |      57 |      60 |       1 |       0 |       0 |
 63 |     123 |      57 |      86 |      58 |      59 |       1 |       0 |       0 |
 64 |     123 |      59 |      86 |      60 |       0 |       1 |       0 |       0 |
 65 |     123 |      60 |      86 |      57 |      60 |       1 |       0 |       0 |
 66 |     123 |      57 |      86 |      58 |      59 |       1 |       0 |       0 |
 67 |     123 |      59 |      86 |      60 |       0 |       1 |       0 |       0 |
 68 |     123 |      60 |      86 |      57 |      60 |       1 |       0 |       0 |
 69 |     123 |      57 |      86 |      58 |      59 |       1 |       0 |       0 |
 70 |     123 |      59 |      86 |      60 |       0 |       1 |       0 |       0 |
 71 |     123 |      60 |      86 |      57 |      60 |       1 |       0 |       0 |
 72 |     123 |      57 |      86 |      58 |      59 |       1 |       0 |       0 |
 73 |     123 |      59 |      86 |      60 |       0 |       1 |       0 |       0 |
 74 |     123 |      60 |      86 |      57 |      60 |       1 |       0 |       0 |
 75 |     123 |      57 |      86 |      58 |      59 |       1 |       0 |       0 |
 76 |     123 |      59 |      86 |      60 |       0 |       1 |       0 |       0 |
 77 |     123 |      60 |      86 |      57 |      60 |       1 |       0 |       0 |
 78 |     123 |      57 |      86 |      58 |      59 |       1 |       0 |       0 |
 79 |     123 |      59 |      86 |      60 |       0 |       1 |       0 |       0 |
 80 |     123 |      60 |      86 |      57 |      60 |       1 |       0 |       0 |
 81 |     123 |      57 |      86 |      58 |      59 |       1 |       0 |       0 |
 82 |     123 |      59 |      86 |      60 |       0 |       1 |       0 |       0 |
 83 |     123 |      60 |      86 |      57 |      60 |       1 |       0 |       0 |
 84 |     123 |      57 |      86 |      58 |      59 |       1 |       0 |       0 |
 85 |     123 |      59 |      86 |      60 |       0 |       1 |       0 |       0 |
 86 |     123 |      60 |      86 |      57 |      60 |       1 |       0 |       0 |
 87 |     123 |      57 |      86 |      58 |      59 |       1 |       0 |       0 |
 88 |     123 |      59 |      86 |      60 |       0 |       1 |       0 |       0 |
 89 |     123 |      60 |      86 |      57 |      60 |       1 |       0 |       0 |
 90 |     123 |      57 |      86 |      58 |      59 |       1 |       0 |       0 |
 91 |     123 |      59 |      86 |      60 |       0 |       1 |       0 |       0 |
 92 |     123 |      60 |      86 |      57 |      60 |       1 |       0 |       0 |
 93 |     123 |      57 |      86 |      58 |      59 |       1 |       0 |       0 |
 94 |     123 |      59 |      86 |      60 |       0 |       1 |       0 |       0 |
 95 |     123 |      60 |      86 |      57 |      60 |       1 |       0 |       0 |
 96 |     123 |      57 |      86 |      58 |      59 |       1 |       0 |       0 |
 97 |     123 |      59 |      86 |      60 |       0 |       1 |       0 |       0 |
 98 |     123 |      60 |      86 |      57 |      60 |       1 |       0 |       0 |
 99 |     123 |      57 |      86 |      58 |      59 |       1 |       0 |       0 |
100 |     123 |      59 |      86 |      60 |       0 |       1 |       0 |       0 |
101 |     123 |      60 |      86 |      57 |      60 |       1 |       0 |       0 |
102 |     123 |      57 |      86 |      58 |      59 |       1 |       0 |       0 |
103 |     123 |      59 |      86 |      60 |       0 |       1 |       0 |       0 |
104 |     123 |      60 |      86 |      57 |      60 |       1 |       0 |       0 |
105 |     123 |      57 |      86 |      58 |      59 |       1 |       0 |       0 |
106 |     123 |      59 |      86 |      60 |       0 |       1 |       0 |       0 |
107 |     123 |      60 |      86 |      57 |      60 |       1 |       0 |       0 |
108 |     123 |      57 |      86 |      58 |      59 |       1 |       0 |       0 |
109 |     123 |      59 |      86 |      60 |       0 |       1 |       0 |       0 |
110 |     123 |      60 |      86 |      57 |      60 |       1 |       0 |       0 |
111 |     123 |      57 |      86 |      58 |      59 |       1 |       0 |       0 |
112 |     123 |      59 |      86 |      60 |       0 |       1 |       0 |       0 |
113 |     123 |      60 |      86 |      57 |      60 |       1 |       0 |       0 |
114 |     123 |      57 |      86 |      58 |      59 |       1 |       0 |       0 |
115 |     123 |      59 |      86 |      60 |       0 |       1 |       0 |       0 |
116 |     123 |      60 |      86 |      57 |      60 |       1 |       0 |       0 |
117 |     123 |      57 |      86 |      58 |      59 |       1 |       0 |       0 |
118 |     123 |      59 |      86 |      60 |       0 |       1 |       0 |       0 |
119 |     123 |      60 |      86 |      57 |      60 |       1 |       0 |       0 |
120 |     123 |      57 |      86 |      58 |      59 |       1 |       0 |       0 |
121 |     123 |      59 |      86 |      60 |       0 |       1 |       0 |       0 |
122 |     123 |      60 |      86 |      57 |      60 |       1 |       0 |       0 |
123 |     123 |      57 |      86 |      58 |      59 |       1 |       0 |       0 |
124 |     123 |      59 |      86 |      60 |       0 |       1 |       0 |       0 |
125 |     123 |      60 |      86 |      57 |      60 |       1 |       0 |       0 |
126 |     123 |      57 |      86 |      58 |      59 |       1 |       0 |       0 |
127 |     123 |      59 |      86 |      60 |       0 |       1 |       0 |       0 |
128 |     123 |      60 |      86 |      57 |      60 |       1 |       0 |       0 |
129 |     123 |      57 |      86 |      58 |      59 |       1 |       0 |       0 |
130 |     123 |      59 |      86 |      60 |       0 |       1 |       0 |       0 |
131 |     123 |      60 |      86 |      57 |      60 |       1 |       0 |       0 |
132 |     123 |      57 |      86 |      58 |      59 |       1 |       0 |       0 |
133 |     123 |      59 |      86 |      60 |       0 |       1 |       0 |       0 |
134 |     123 |      60 |      86 |      57 |      60 |       1 |       0 |       0 |
135 |     123 |      57 |      86 |      58 |      59 |       1 |       0 |       0 |
136 |     123 |      59 |      86 |      60 |       0 |       1 |       0 |       0 |
137 |     123 |      60 |      86 |      57 |      60 |       1 |       0 |       0 |
138 |     123 |      57 |      86 |      58 |      59 |       1 |       0 |       0 |
139 |     123 |      59 |      86 |      60 |       0 |       1 |       0 |       0 |
140 |     123 |      60 |      86 |      57 |      60 |       1 |       0 |       0 |
141 |     123 |      57 |      86 |      58 |      59 |       1 |       0 |       0 |
142 |     123 |      59 |      86 |      60 |       0 |       1 |       0 |       0 |
143 |     123 |      60 |      86 |      57 |      60 |       1 |       0 |       0 |
144 |     123 |      57 |      86 |      58 |      59 |       1 |       0 |       0 |
145 |     123 |      59 |      86 |      60 |       0 |       1 |       0 |       0 |
146 |     123 |      60 |      86 |      57 |      60 |       1 |       0 |       0 |
147 |     123 |      57 |      86 |      58 |      59 |       1 |       0 |       0 |
148 |     123 |      59 |      86 |      60 |       0 |       1 |       0 |       0 |
149 |     123 |      60 |      86 |      57 |      60 |       1 |       0 |       0 |
150 |     123 |      57 |      86 |      58 |      59 |       1 |       0 |       0 |
151 |     123 |      59 |      86 |      60 |       0 |       1 |       0 |       0 |
152 |     123 |      60 |      86 |      57 |      60 |       1 |       0 |       0 |
153 |     123 |      57 |      86 |      58 |      59 |       1 |       0 |       0 |
154 |     123 |      59 |      86 |      60 |       0 |       1 |       0 |       0 |
155 |     123 |      60 |      86 |      57 |      60 |       1 |       0 |       0 |
156 |     123 |      57 |      86 |      58 |      59 |       1 |       0 |       0 |
157 |     123 |      59 |      86 |      60 |       0 |       1 |       0 |       0 |
158 |     123 |      60 |      86 |      57 |      60 |       1 |       0 |       0 |
159 |     123 |      57 |      86 |      58 |      59 |       1 |       0 |       0 |
160 |     123 |      59 |      86 |      60 |       0 |       1 |       0 |       0 |
161 |     123 |      60 |      86 |      57 |      60 |       1 |       0 |       0 |
162 |     123 |      57 |      86 |      58 |      59 |       1 |       0 |       0 |
163 |     123 |      59 |      86 |      60 |       0 |       1 |       0 |       0 |
164 |     123 |      60 |      86 |      57 |      60 |       1 |       0 |       0 |
165 |     123 |      57 |      86 |      58 |      59 |       1 |       0 |       0 |
166 |     123 |      59 |      86 |      60 |       0 |       1 |       0 |       0 |
167 |     123 |      60 |      86 |      57 |      60 |       1 |       0 |       0 |
168 |     123 |      57 |      86 |      58 |      59 |       1 |       0 |       0 |
169 |     123 |      59 |      86 |      60 |       0 |       1 |       0 |       0 |
170 |     123 |      60 |      86 |      57 |      60 |       1 |       0 |       0 |
171 |     123 |      57 |      86 |      58 |      59 |       1 |       0 |       0 |
172 |     123 |      58 |      86 |      86 |       0 |       1 |       0 |       0 |
173 |     123 |      86 |      38 |      87 |     108 |       1 |       1 |       0 |
174 |     123 |     108 |      87 |      63 |      64 |       1 |       0 |       1 |
175 |     123 |      64 |      87 |      61 |      64 |       1 |       0 |       0 |
176 |     123 |      61 |      87 |      62 |      63 |       1 |       0 |       0 |
177 |     123 |      63 |      87 |      64 |       0 |       1 |       0 |       0 |
178 |     123 |      64 |      87 |      61 |      64 |       1 |       0 |       0 |
179 |     123 |      61 |      87 |      62 |      63 |       1 |       0 |       0 |
180 |     123 |      63 |      87 |      64 |       0 |       1 |       0 |       0 |
181 |     123 |      64 |      87 |      61 |      64 |       1 |       0 |       0 |
182 |     123 |      61 |      87 |      62 |      63 |       1 |       0 |       0 |
183 |     123 |      63 |      87 |      64 |       0 |       1 |       0 |       0 |
184 |     123 |      64 |      87 |      61 |      64 |       1 |       0 |       0 |
185 |     123 |      61 |      87 |      62 |      63 |       1 |       0 |       0 |
186 |     123 |      63 |      87 |      64 |       0 |       1 |       0 |       0 |
187 |     123 |      64 |      87 |      61 |      64 |       1 |       0 |       0 |
188 |     123 |      61 |      87 |      62 |      63 |       1 |       0 |       0 |
189 |     123 |      63 |      87 |      64 |       0 |       1 |       0 |       0 |
190 |     123 |      64 |      87 |      61 |      64 |       1 |       0 |       0 |
191 |     123 |      61 |      87 |      62 |      63 |       1 |       0 |       0 |
192 |     123 |      63 |      87 |      64 |       0 |       1 |       0 |       0 |
193 |     123 |      64 |      87 |      61 |      64 |       1 |       0 |       0 |
194 |     123 |      61 |      87 |      62 |      63 |       1 |       0 |       0 |
195 |     123 |      63 |      87 |      64 |       0 |       1 |       0 |       0 |
196 |     123 |      64 |      87 |      61 |      64 |       1 |       0 |       0 |
197 |     123 |      61 |      87 |      62 |      63 |       1 |       0 |       0 |
198 |     123 |      63 |      87 |      64 |       0 |       1 |       0 |       0 |
199 |     123 |      64 |      87 |      61 |      64 |       1 |       0 |       0 |
200 |     123 |      61 |      87 |      62 |      63 |       1 |       0 |       0 |
201 |     123 |      63 |      87 |      64 |       0 |       1 |       0 |       0 |
202 |     123 |      64 |      87 |      61 |      64 |       1 |       0 |       0 |
203 |     123 |      61 |      87 |      62 |      63 |       1 |       0 |       0 |
204 |     123 |      63 |      87 |      64 |       0 |       1 |       0 |       0 |
205 |     123 |      64 |      87 |      61 |      64 |       1 |       0 |       0 |
206 |     123 |      61 |      87 |      62 |      63 |       1 |       0 |       0 |
207 |     123 |      63 |      87 |      64 |       0 |       1 |       0 |       0 |
208 |     123 |      64 |      87 |      61 |      64 |       1 |       0 |       0 |
209 |     123 |      61 |      87 |      62 |      63 |       1 |       0 |       0 |
210 |     123 |      63 |      87 |      64 |       0 |       1 |       0 |       0 |
211 |     123 |      64 |      87 |      61 |      64 |       1 |       0 |       0 |
212 |     123 |      61 |      87 |      62 |      63 |       1 |       0 |       0 |
213 |     123 |      63 |      87 |      64 |       0 |       1 |       0 |       0 |
214 |     123 |      64 |      87 |      61 |      64 |       1 |       0 |       0 |
215 |     123 |      61 |      87 |      62 |      63 |       1 |       0 |       0 |
216 |     123 |      63 |      87 |      64 |       0 |       1 |       0 |       0 |
217 |     123 |      64 |      87 |      61 |      64 |       1 |       0 |       0 |
218 |     123 |      61 |      87 |      62 |      63 |       1 |       0 |       0 |
219 |     123 |      63 |      87 |      64 |       0 |       1 |       0 |       0 |
220 |     123 |      64 |      87 |      61 |      64 |       1 |       0 |       0 |
221 |     123 |      61 |      87 |      62 |      63 |       1 |       0 |       0 |
222 |     123 |      63 |      87 |      64 |       0 |       1 |       0 |       0 |
223 |     123 |      64 |      87 |      61 |      64 |       1 |       0 |       0 |
224 |     123 |      61 |      87 |      62 |      63 |       1 |       0 |       0 |
225 |     123 |      63 |      87 |      64 |       0 |       1 |       0 |       0 |
226 |     123 |      64 |      87 |      61 |      64 |       1 |       0 |       0 |
227 |     123 |      61 |      87 |      62 |      63 |       1 |       0 |       0 |
228 |     123 |      63 |      87 |      64 |       0 |       1 |       0 |       0 |
229 |     123 |      64 |      87 |      61 |      64 |       1 |       0 |       0 |
230 |     123 |      61 |      87 |      62 |      63 |       1 |       0 |       0 |
231 |     123 |      63 |      87 |      64 |       0 |       1 |       0 |       0 |
232 |     123 |      64 |      87 |      61 |      64 |       1 |       0 |       0 |
233 |     123 |      61 |      87 |      62 |      63 |       1 |       0 |       0 |
234 |     123 |      63 |      87 |      64 |       0 |       1 |       0 |       0 |
235 |     123 |      64 |      87 |      61 |      64 |       1 |       0 |       0 |
236 |     123 |      61 |      87 |      62 |      63 |       1 |       0 |       0 |
237 |     123 |      63 |      87 |      64 |       0 |       1 |       0 |       0 |
238 |     123 |      64 |      87 |      61 |      64 |       1 |       0 |       0 |
239 |     123 |      61 |      87 |      62 |      63 |       1 |       0 |       0 |
240 |     123 |      63 |      87 |      64 |       0 |       1 |       0 |       0 |
241 |     123 |      64 |      87 |      61 |      64 |       1 |       0 |       0 |
242 |     123 |      61 |      87 |      62 |      63 |       1 |       0 |       0 |
243 |     123 |      63 |      87 |      64 |       0 |       1 |       0 |       0 |
244 |     123 |      64 |      87 |      61 |      64 |       1 |       0 |       0 |
245 |     123 |      61 |      87 |      62 |      63 |       1 |       0 |       0 |
246 |     123 |      63 |      87 |      64 |       0 |       1 |       0 |       0 |
247 |     123 |      64 |      87 |      61 |      64 |       1 |       0 |       0 |
248 |     123 |      61 |      87 |      62 |      63 |       1 |       0 |       0 |
249 |     123 |      63 |      87 |      64 |       0 |       1 |       0 |       0 |
250 |     123 |      64 |      87 |      61 |      64 |       1 |       0 |       0 |
251 |     123 |      61 |      87 |      62 |      63 |       1 |       0 |       0 |
252 |     123 |      63 |      87 |      64 |       0 |       1 |       0 |       0 |
253 |     123 |      64 |      87 |      61 |      64 |       1 |       0 |       0 |
254 |     123 |      61 |      87 |      62 |      63 |       1 |       0 |       0 |
255 |     123 |      63 |      87 |      64 |       0 |       1 |       0 |       0 |
256 |     123 |      64 |      87 |      61 |      64 |       1 |       0 |       0 |
257 |     123 |      61 |      87 |      62 |      63 |       1 |       0 |       0 |
258 |     123 |      63 |      87 |      64 |       0 |       1 |       0 |       0 |
259 |     123 |      64 |      87 |      61 |      64 |       1 |       0 |       0 |
260 |     123 |      61 |      87 |      62 |      63 |       1 |       0 |       0 |
261 |     123 |      63 |      87 |      64 |       0 |       1 |       0 |       0 |
262 |     123 |      64 |      87 |      61 |      64 |       1 |       0 |       0 |
263 |     123 |      61 |      87 |      62 |      63 |       1 |       0 |       0 |
264 |     123 |      63 |      87 |      64 |       0 |       1 |       0 |       0 |
265 |     123 |      64 |      87 |      61 |      64 |       1 |       0 |       0 |
266 |     123 |      61 |      87 |      62 |      63 |       1 |       0 |       0 |
267 |     123 |      63 |      87 |      64 |       0 |       1 |       0 |       0 |
268 |     123 |      64 |      87 |      61 |      64 |       1 |       0 |       0 |
269 |     123 |      61 |      87 |      62 |      63 |       1 |       0 |       0 |
270 |     123 |      63 |      87 |      64 |       0 |       1 |       0 |       0 |
271 |     123 |      64 |      87 |      61 |      64 |       1 |       0 |       0 |
272 |     123 |      61 |      87 |      62 |      63 |       1 |       0 |       0 |
273 |     123 |      63 |      87 |      64 |       0 |       1 |       0 |       0 |
274 |     123 |      64 |      87 |      61 |      64 |       1 |       0 |       0 |
275 |     123 |      61 |      87 |      62 |      63 |       1 |       0 |       0 |
276 |     123 |      63 |      87 |      64 |       0 |       1 |       0 |       0 |
277 |     123 |      64 |      87 |      61 |      64 |       1 |       0 |       0 |
278 |     123 |      61 |      87 |      62 |      63 |       1 |       0 |       0 |
279 |     123 |      63 |      87 |      64 |       0 |       1 |       0 |       0 |
280 |     123 |      64 |      87 |      61 |      64 |       1 |       0 |       0 |
281 |     123 |      61 |      87 |      62 |      63 |       1 |       0 |       0 |
282 |     123 |      63 |      87 |      64 |       0 |       1 |       0 |       0 |
283 |     123 |      64 |      87 |      61 |      64 |       1 |       0 |       0 |
284 |     123 |      61 |      87 |      62 |      63 |       1 |       0 |       0 |
285 |     123 |      63 |      87 |      64 |       0 |       1 |       0 |       0 |
286 |     123 |      64 |      87 |      61 |      64 |       1 |       0 |       0 |
287 |     123 |      61 |      87 |      62 |      63 |       1 |       0 |       0 |
288 |     123 |      63 |      87 |      64 |       0 |       1 |       0 |       0 |
289 |     123 |      64 |      87 |      61 |      64 |       1 |       0 |       0 |
290 |     123 |      61 |      87 |      62 |      63 |       1 |       0 |       0 |
291 |     123 |      63 |      87 |      64 |       0 |       1 |       0 |       0 |
292 |     123 |      64 |      87 |      61 |      64 |       1 |       0 |       0 |
293 |     123 |      61 |      87 |      62 |      63 |       1 |       0 |       0 |
294 |     123 |      63 |      87 |      64 |       0 |       1 |       0 |       0 |
295 |     123 |      64 |      87 |      61 |      64 |       1 |       0 |       0 |
296 |     123 |      61 |      87 |      62 |      63 |       1 |       0 |       0 |
297 |     123 |      63 |      87 |      64 |       0 |       1 |       0 |       0 |
298 |     123 |      64 |      87 |      61 |      64 |       1 |       0 |       0 |
299 |     123 |      61 |      87 |      62 |      63 |       1 |       0 |       0 |
300 |     123 |      63 |      87 |      64 |       0 |       1 |       0 |       0 |
301 |     123 |      64 |      87 |      61 |      64 |       1 |       0 |       0 |
302 |     123 |      61 |      87 |      62 |      63 |       1 |       0 |       0 |
303 |     123 |      63 |      87 |      64 |       0 |       1 |       0 |       0 |
304 |     123 |      64 |      87 |      61 |      64 |       1 |       0 |       0 |
305 |     123 |      61 |      87 |      62 |      63 |       1 |       0 |       0 |
306 |     123 |      63 |      87 |      64 |       0 |       1 |       0 |       0 |
307 |     123 |      64 |      87 |      61 |      64 |       1 |       0 |       0 |
308 |     123 |      61 |      87 |      62 |      63 |       1 |       0 |       0 |
309 |     123 |      63 |      87 |      64 |       0 |       1 |       0 |       0 |
310 |     123 |      64 |      87 |      61 |      64 |       1 |       0 |       0 |
311 |     123 |      61 |      87 |      62 |      63 |       1 |       0 |       0 |
312 |     123 |      63 |      87 |      64 |       0 |       1 |       0 |       0 |
313 |     123 |      64 |      87 |      61 |      64 |       1 |       0 |       0 |
314 |     123 |      61 |      87 |      62 |      63 |       1 |       0 |       0 |
315 |     123 |      63 |      87 |      64 |       0 |       1 |       0 |       0 |
316 |     123 |      64 |      87 |      61 |      64 |       1 |       0 |       0 |
317 |     123 |      61 |      87 |      62 |      63 |       1 |       0 |       0 |
318 |     123 |      63 |      87 |      64 |       0 |       1 |       0 |       0 |
319 |     123 |      64 |      87 |      61 |      64 |       1 |       0 |       0 |
320 |     123 |      61 |      87 |      62 |      63 |       1 |       0 |       0 |
321 |     123 |      63 |      87 |      64 |       0 |       1 |       0 |       0 |
322 |     123 |      64 |      87 |      61 |      64 |       1 |       0 |       0 |
323 |     123 |      61 |      87 |      62 |      63 |       1 |       0 |       0 |
324 |     123 |      62 |      87 |      87 |       0 |       1 |       0 |       0 |
325 |     123 |      87 |      38 |      66 |     109 |       1 |       1 |       0 |
326 |     123 |     109 |      66 |      68 |      67 |       1 |       0 |       1 |
327 |     123 |      67 |      66 |      68 |       0 |       1 |       0 |       0 |
328 |     123 |      68 |      66 |      65 |      67 |       1 |       0 |       0 |
329 |     123 |      65 |      66 |      66 |       0 |       1 |       0 |       0 |
330 |     123 |      66 |      38 |      70 |     110 |       1 |       1 |       0 |
331 |     123 |     110 |      70 |      71 |       0 |       1 |       0 |       1 |
332 |     123 |      71 |      70 |      69 |      71 |       1 |       0 |       0 |
333 |     123 |      69 |      70 |      70 |       0 |       1 |       0 |       0 |
334 |     123 |      70 |      38 |     105 |     111 |       1 |       1 |       0 |
335 |     123 |     111 |     105 |     101 |      74 |       1 |       0 |       1 |
336 |     123 |      74 |     105 |      72 |      74 |       1 |       0 |       0 |
337 |     123 |      72 |     105 |      73 |       0 |       1 |       0 |       0 |
338 |     123 |      73 |     105 |      88 |      89 |       1 |       0 |       0 |
339 |     123 |      89 |     105 |      74 |       0 |       1 |       0 |       0 |
340 |     123 |      74 |     105 |      72 |      74 |       1 |       0 |       0 |
341 |     123 |      72 |     105 |      73 |       0 |       1 |       0 |       0 |
342 |     123 |      73 |     105 |      88 |      89 |       1 |       0 |       0 |
343 |     123 |      89 |     105 |      74 |       0 |       1 |       0 |       0 |
344 |     123 |      74 |     105 |      72 |      74 |       1 |       0 |       0 |
345 |     123 |      72 |     105 |      73 |       0 |       1 |       0 |       0 |
346 |     123 |      73 |     105 |      88 |      89 |       1 |       0 |       0 |
347 |     123 |      89 |     105 |      74 |       0 |       1 |       0 |       0 |
348 |     123 |      74 |     105 |      72 |      74 |       1 |       0 |       0 |
349 |     123 |      72 |     105 |      73 |       0 |       1 |       0 |       0 |
350 |     123 |      73 |     105 |      88 |      89 |       1 |       0 |       0 |
351 |     123 |      89 |     105 |      74 |       0 |       1 |       0 |       0 |
352 |     123 |      74 |     105 |      72 |      74 |       1 |       0 |       0 |
353 |     123 |      72 |     105 |      73 |       0 |       1 |       0 |       0 |
354 |     123 |      73 |     105 |      88 |      89 |       1 |       0 |       0 |
355 |     123 |      89 |     105 |      74 |       0 |       1 |       0 |       0 |
356 |     123 |      74 |     105 |      72 |      74 |       1 |       0 |       0 |
357 |     123 |      72 |     105 |      73 |       0 |       1 |       0 |       0 |
358 |     123 |      73 |     105 |      88 |      89 |       1 |       0 |       0 |
359 |     123 |      89 |     105 |      74 |       0 |       1 |       0 |       0 |
360 |     123 |      74 |     105 |      72 |      74 |       1 |       0 |       0 |
361 |     123 |      72 |     105 |      73 |       0 |       1 |       0 |       0 |
362 |     123 |      73 |     105 |      88 |      89 |       1 |       0 |       0 |
363 |     123 |      89 |     105 |      74 |       0 |       1 |       0 |       0 |
364 |     123 |      74 |     105 |      72 |      74 |       1 |       0 |       0 |
365 |     123 |      72 |     105 |      73 |       0 |       1 |       0 |       0 |
366 |     123 |      73 |     105 |      88 |      89 |       1 |       0 |       0 |
367 |     123 |      88 |     105 |      94 |      95 |       1 |       0 |       0 |
368 |     123 |      95 |     105 |     101 |       0 |       1 |       0 |       0 |
369 |     123 |     101 |     105 |      89 |      74 |       1 |       0 |       0 |
370 |     123 |      74 |     105 |      72 |      74 |       1 |       0 |       0 |
371 |     123 |      72 |     105 |      73 |       0 |       1 |       0 |       0 |
372 |     123 |      73 |     105 |      88 |      89 |       1 |       0 |       0 |
373 |     123 |      89 |     105 |      74 |       0 |       1 |       0 |       0 |
374 |     123 |      74 |     105 |      72 |      74 |       1 |       0 |       0 |
375 |     123 |      72 |     105 |      73 |       0 |       1 |       0 |       0 |
376 |     123 |      73 |     105 |      88 |      89 |       1 |       0 |       0 |
377 |     123 |      89 |     105 |      74 |       0 |       1 |       0 |       0 |
378 |     123 |      74 |     105 |      72 |      74 |       1 |       0 |       0 |
379 |     123 |      72 |     105 |      73 |       0 |       1 |       0 |       0 |
380 |     123 |      73 |     105 |      88 |      89 |       1 |       0 |       0 |
381 |     123 |      89 |     105 |      74 |       0 |       1 |       0 |       0 |
382 |     123 |      74 |     105 |      72 |      74 |       1 |       0 |       0 |
383 |     123 |      72 |     105 |      73 |       0 |       1 |       0 |       0 |
384 |     123 |      73 |     105 |      88 |      89 |       1 |       0 |       0 |
385 |     123 |      89 |     105 |      74 |       0 |       1 |       0 |       0 |
386 |     123 |      74 |     105 |      72 |      74 |       1 |       0 |       0 |
387 |     123 |      72 |     105 |      73 |       0 |       1 |       0 |       0 |
388 |     123 |      73 |     105 |      88 |      89 |       1 |       0 |       0 |
389 |     123 |      89 |     105 |      74 |       0 |       1 |       0 |       0 |
390 |     123 |      74 |     105 |      72 |      74 |       1 |       0 |       0 |
391 |     123 |      72 |     105 |      73 |       0 |       1 |       0 |       0 |
392 |     123 |      73 |     105 |      88 |      89 |       1 |       0 |       0 |
393 |     123 |      89 |     105 |      74 |       0 |       1 |       0 |       0 |
394 |     123 |      74 |     105 |      72 |      74 |       1 |       0 |       0 |
395 |     123 |      72 |     105 |      73 |       0 |       1 |       0 |       0 |
396 |     123 |      73 |     105 |      88 |      89 |       1 |       0 |       0 |
397 |     123 |      89 |     105 |      74 |       0 |       1 |       0 |       0 |
398 |     123 |      74 |     105 |      72 |      74 |       1 |       0 |       0 |
399 |     123 |      72 |     105 |      73 |       0 |       1 |       0 |       0 |
400 |     123 |      73 |     105 |      88 |      89 |       1 |       0 |       0 |
401 |     123 |      88 |     105 |      94 |      95 |       1 |       0 |       0 |
402 |     123 |      94 |     105 |      99 |     100 |       1 |       0 |       0 |
403 |     123 |      99 |     105 |     105 |       0 |       1 |       0 |       0 |
404 |     123 |     105 |      38 |     112 |       0 |       1 |       1 |       0 |
405 |     123 |     112 |      38 |      75 |     113 |       1 |       0 |       0 |
406 |     123 |      75 |      38 |      76 |      77 |       1 |       0 |       0 |
407 |     123 |      76 |      38 |      35 |      38 |       1 |       0 |       0 |
408 |     123 |      38 |     114 |     114 |       0 |       1 |       1 |       0 |
409 |     123 |     114 |     130 |     121 |     122 |       1 |       1 |       0 |
410 |     123 |     122 |     121 |      81 |       0 |       1 |       0 |       1 |
411 |     123 |      81 |     121 |      78 |      81 |       1 |       0 |       0 |
412 |     123 |      78 |     121 |      79 |      80 |       1 |       0 |       0 |
413 |     123 |      79 |      80 |      93 |       0 |       1 |       0 |       1 |
414 |     123 |      93 |      80 |      80 |       0 |       1 |       0 |       0 |
415 |     123 |      80 |     121 |     123 |     124 |       1 |       1 |       0 |
416 |     123 |     123 |     121 |     125 |     126 |       1 |       0 |       0 |
417 |     123 |     125 |     121 |     127 |     126 |       1 |       0 |       0 |
418 |     123 |     127 |     121 |     126 |       0 |       1 |       0 |       0 |
419 |     123 |     126 |     121 |     128 |     129 |       1 |       0 |       0 |
420 |     123 |     128 |     121 |     121 |       0 |       1 |       0 |       0 |
421 |     123 |     121 |     130 |     130 |       0 |       1 |       1 |       0 |
422 |     123 |     130 |     138 |       0 |       0 |       1 |       1 |       0 |
423 |     123 |     130 |     138 |       0 |       0 |       0 |       0 |       0 |
424 |     123 |     130 |     138 |       0 |       0 |       0 |       0 |       0 |
425 |     123 |     130 |     138 |       0 |       0 |       0 |       0 |       0 |
426 |     123 |     130 |     138 |       0 |       0 |       0 |       0 |       0 |
427 |     123 |     130 |     138 |       0 |       0 |       0 |       0 |       0 |
428 |     123 |     130 |     138 |       0 |       0 |       0 |       0 |       0 |
429 |     123 |     130 |     138 |       0 |       0 |       0 |       0 |       0 |
430 |     123 |     130 |     138 |       0 |       0 |       0 |       0 |       0 |
431 |     123 |     130 |     138 |       0 |       0 |       0 |       0 |       0 |
432 |     123 |     130 |     138 |       0 |       0 |       0 |       0 |       0 |
433 |     123 |     130 |     138 |       0 |       0 |       0 |       0 |       0 |
434 |     123 |     130 |     138 |       0 |       0 |       0 |       0 |       0 |
435 |     123 |     130 |     138 |       0 |       0 |       0 |       0 |       0 |
436 |     123 |     130 |     138 |       0 |       0 |       0 |       0 |       0 |
437 |     123 |     130 |     138 |       0 |       0 |       0 |       0 |       0 |
438 |     123 |     130 |     138 |       0 |       0 |       0 |       0 |       0 |
439 |     123 |     130 |     138 |       0 |       0 |       0 |       0 |       0 |
440 |     123 |     130 |     138 |       0 |       0 |       0 |       0 |       0 |
441 |     123 |     130 |     138 |       0 |       0 |       0 |       0 |       0 |
442 |     123 |     130 |     138 |       0 |       0 |       0 |       0 |       0 |
443 |     123 |     130 |     138 |       0 |       0 |       0 |       0 |       0 |
444 |     123 |     130 |     138 |       0 |       0 |       0 |       0 |       0 |
445 |     123 |     130 |     138 |       0 |       0 |       0 |       0 |       0 |
446 |     123 |     130 |     138 |       0 |       0 |       0 |       0 |       0 |
447 |     123 |     130 |     138 |       0 |       0 |       0 |       0 |       0 |
448 |     123 |     130 |     138 |       0 |       0 |       0 |       0 |       0 |
449 |     123 |     130 |     138 |       0 |       0 |       0 |       0 |       0 |
450 |     123 |     130 |     138 |       0 |       0 |       0 |       0 |       0 |
451 |     123 |     130 |     138 |       0 |       0 |       0 |       0 |       0 |
452 |     123 |     130 |     138 |       0 |       0 |       0 |       0 |       0 |
453 |     123 |     130 |     138 |       0 |       0 |       0 |       0 |       0 |
454 |     123 |     130 |     138 |       0 |       0 |       0 |       0 |       0 |
455 |     123 |     130 |     138 |       0 |       0 |       0 |       0 |       0 |
456 |     123 |     130 |     138 |       0 |       0 |       0 |       0 |       0 |
457 |     123 |     130 |     138 |       0 |       0 |       0 |       0 |       0 |
458 |     123 |     130 |     138 |       0 |       0 |       0 |       0 |       0 |
459 |     123 |     130 |     138 |       0 |       0 |       0 |       0 |       0 |
460 |     123 |     130 |     138 |       0 |       0 |       0 |       0 |       0 |
461 |     123 |     130 |     138 |       0 |       0 |       0 |       0 |       0 |
462 |     123 |     130 |     138 |       0 |       0 |       0 |       0 |       0 |
463 |     123 |     130 |     138 |       0 |       0 |       0 |       0 |       0 |
464 |     123 |     130 |     138 |       0 |       0 |       0 |       0 |       0 |
465 |     123 |     130 |     138 |       0 |       0 |       0 |       0 |       0 |
466 |     123 |     130 |     138 |       0 |       0 |       0 |       0 |       0 |
467 |     123 |     130 |     138 |       0 |       0 |       0 |       0 |       0 |
468 |     123 |     130 |     138 |       0 |       0 |       0 |       0 |       0 |
469 |     123 |     130 |     138 |       0 |       0 |       0 |       0 |       0 |
470 |     123 |     130 |     138 |       0 |       0 |       0 |       0 |       0 |
471 |     123 |     130 |     138 |       0 |       0 |       0 |       0 |       0 |
472 |     123 |     130 |     138 |       0 |       0 |       0 |       0 |       0 |
473 |     123 |     130 |     138 |       0 |       0 |       0 |       0 |       0 |
474 |     123 |     130 |     138 |       0 |       0 |       0 |       0 |       0 |
475 |     123 |     130 |     138 |       0 |       0 |       0 |       0 |       0 |
476 |     123 |     130 |     138 |       0 |       0 |       0 |       0 |       0 |
477 |     123 |     130 |     138 |       0 |       0 |       0 |       0 |       0 |
478 |     123 |     130 |     138 |       0 |       0 |       0 |       0 |       0 |
479 |     123 |     130 |     138 |       0 |       0 |       0 |       0 |       0 |
480 |     123 |     130 |     138 |       0 |       0 |       0 |       0 |       0 |
481 |     123 |     130 |     138 |       0 |       0 |       0 |       0 |       0 |
482 |     123 |     130 |     138 |       0 |       0 |       0 |       0 |       0 |
483 |     123 |     130 |     138 |       0 |       0 |       0 |       0 |       0 |
484 |     123 |     130 |     138 |       0 |       0 |       0 |       0 |       0 |
485 |     123 |     130 |     138 |       0 |       0 |       0 |       0 |       0 |
486 |     123 |     130 |     138 |       0 |       0 |       0 |       0 |       0 |
487 |     123 |     130 |     138 |       0 |       0 |       0 |       0 |       0 |
488 |     123 |     130 |     138 |       0 |       0 |       0 |       0 |       0 |
489 |     123 |     130 |     138 |       0 |       0 |       0 |       0 |       0 |
490 |     123 |     130 |     138 |       0 |       0 |       0 |       0 |       0 |
491 |     123 |     130 |     138 |       0 |       0 |       0 |       0 |       0 |
492 |     123 |     130 |     138 |       0 |       0 |       0 |       0 |       0 |
493 |     123 |     130 |     138 |       0 |       0 |       0 |       0 |       0 |
494 |     123 |     130 |     138 |       0 |       0 |       0 |       0 |       0 |
495 |     123 |     130 |     138 |       0 |       0 |       0 |       0 |       0 |
496 |     123 |     130 |     138 |       0 |       0 |       0 |       0 |       0 |
497 |     123 |     130 |     138 |       0 |       0 |       0 |       0 |       0 |
498 |     123 |     130 |     138 |       0 |       0 |       0 |       0 |       0 |
499 |     123 |     130 |     138 |       0 |       0 |       0 |       0 |       0 |
500 |     123 |     130 |     138 |       0 |       0 |       0 |       0 |       0 |
501 |     123 |     130 |     138 |       0 |       0 |       0 |       0 |       0 |
502 |     123 |     130 |     138 |       0 |       0 |       0 |       0 |       0 |
503 |     123 |     130 |     138 |       0 |       0 |       0 |       0 |       0 |
504 |     123 |     130 |     138 |       0 |       0 |       0 |       0 |       0 |
505 |     123 |     130 |     138 |       0 |       0 |       0 |       0 |       0 |
506 |     123 |     130 |     138 |       0 |       0 |       0 |       0 |       0 |
507 |     123 |     130 |     138 |       0 |       0 |       0 |       0 |       0 |
508 |     123 |     130 |     138 |       0 |       0 |       0 |       0 |       0 |
509 |     123 |     130 |     138 |       0 |       0 |       0 |       0 |       0 |
510 |     123 |     130 |     138 |       0 |       0 |       0 |       0 |       0 |
511 |     123 |     130 |     138 |       0 |       0 |       0 |       0 |       0 |
Proving time: 128.470ms
Proof size: 68.65 KiB (70295 bytes)
Valid Proof
 Verification succeeded in 2.340ms
Done. Trace build: 115.055µs | Prove: 128.470ms | Verify: 2.340ms | Proof: 68.65 KiB (70295 bytes)
