	Command being timed: "./starkra /home/rpi/starkra/experiments/experiments/aha-mont64/numified_adjlist /home/rpi/starkra/experiments/experiments/aha-mont64/numified_path 64 64 0"
	User time (seconds): 0.05
	System time (seconds): 0.02
	Percent of CPU this job got: 187%
	Elapsed (wall clock) time (h:mm:ss or m:ss): 0:00.04
	Average shared text size (kbytes): 0
	Average unshared data size (kbytes): 0
	Average stack size (kbytes): 0
	Average total size (kbytes): 0
	Maximum resident set size (kbytes): 7476
	Average resident set size (kbytes): 0
	Major (requiring I/O) page faults: 0
	Minor (reclaiming a frame) page faults: 1763
	Voluntary context switches: 288
	Involuntary context switches: 523
	Swaps: 0
	File system inputs: 0
	File system outputs: 40
	Socket messages sent: 0
	Socket messages received: 0
	Signals delivered: 0
	Page size (bytes): 4096
	Exit status: 0
