	Command being timed: "./starkra /home/rpi/starkra/experiments/experiments/nsichneu/numified_adjlist /home/rpi/starkra/experiments/experiments/nsichneu/numified_path 64 64 0"
	User time (seconds): 0.37
	System time (seconds): 0.07
	Percent of CPU this job got: 320%
	Elapsed (wall clock) time (h:mm:ss or m:ss): 0:00.14
	Average shared text size (kbytes): 0
	Average unshared data size (kbytes): 0
	Average stack size (kbytes): 0
	Average total size (kbytes): 0
	Maximum resident set size (kbytes): 28240
	Average resident set size (kbytes): 0
	Major (requiring I/O) page faults: 0
	Minor (reclaiming a frame) page faults: 8715
	Voluntary context switches: 268
	Involuntary context switches: 143
	Swaps: 0
	File system inputs: 0
	File system outputs: 176
	Socket messages sent: 0
	Socket messages received: 0
	Signals delivered: 0
	Page size (bytes): 4096
	Exit status: 0
