	Command being timed: "./starkra /home/rpi/starkra/experiments/experiments/crc32/numified_adjlist /home/rpi/starkra/experiments/experiments/crc32/numified_path 64 128 0"
	User time (seconds): 0.00
	System time (seconds): 0.02
	Percent of CPU this job got: 214%
	Elapsed (wall clock) time (h:mm:ss or m:ss): 0:00.01
	Average shared text size (kbytes): 0
	Average unshared data size (kbytes): 0
	Average stack size (kbytes): 0
	Average total size (kbytes): 0
	Maximum resident set size (kbytes): 4428
	Average resident set size (kbytes): 0
	Major (requiring I/O) page faults: 0
	Minor (reclaiming a frame) page faults: 667
	Voluntary context switches: 131
	Involuntary context switches: 146
	Swaps: 0
	File system inputs: 0
	File system outputs: 8
	Socket messages sent: 0
	Socket messages received: 0
	Signals delivered: 0
	Page size (bytes): 4096
	Exit status: 0
