	Command being timed: "./starkra /home/rpi/starkra/experiments/experiments/matmult-int/numified_adjlist /home/rpi/starkra/experiments/experiments/matmult-int/numified_path 64 64 0"
	User time (seconds): 0.04
	System time (seconds): 0.01
	Percent of CPU this job got: 236%
	Elapsed (wall clock) time (h:mm:ss or m:ss): 0:00.02
	Average shared text size (kbytes): 0
	Average unshared data size (kbytes): 0
	Average stack size (kbytes): 0
	Average total size (kbytes): 0
	Maximum resident set size (kbytes): 5928
	Average resident set size (kbytes): 0
	Major (requiring I/O) page faults: 0
	Minor (reclaiming a frame) page faults: 1096
	Voluntary context switches: 179
	Involuntary context switches: 244
	Swaps: 0
	File system inputs: 0
	File system outputs: 24
	Socket messages sent: 0
	Socket messages received: 0
	Signals delivered: 0
	Page size (bytes): 4096
	Exit status: 0
